2025-07-17 19:42:12,108 [ERROR] from com.jpro.internal.server.ViewSerializerActor in JavaFX Application Thread - JavaFXStreamer - got Exception: 
java.lang.ClassNotFoundException: com.example.JavaFXApp
	at java.base/jdk.internal.loader.BuiltinClassLoader.loadClass(BuiltinClassLoader.java:641)
	at java.base/jdk.internal.loader.ClassLoaders$AppClassLoader.loadClass(ClassLoaders.java:188)
	at java.base/java.lang.ClassLoader.loadClass(ClassLoader.java:525)
	at simplefx.util.ReflectionUtil.loadClass(ReflectionUtil.scala:38)
	at simplefx.util.ReflectionUtil.callNew(ReflectionUtil.scala:103)
	at com.jpro.internal.config.ApplicationStarter$.startApplication(ApplicationStarter.scala:109)
	at com.jpro.internal.config.ApplicationStarter$.requestApplication(ApplicationStarter.scala:95)
	at com.jpro.internal.config.ApplicationStarter$.getApplication(ApplicationStarter.scala:61)
	at com.jpro.internal.communicator.ViewImpl.<init>(ViewImpl.scala:43)
	at com.jpro.internal.server.ViewByActor.<init>(ViewSerializerActor.scala:178)
	at com.jpro.internal.server.ViewSerializerActor$$anonfun$handleFirstClientMessage$1.$anonfun$applyOrElse$2(ViewSerializerActor.scala:84)
	at simplefx.cores.standard.parts.CoreTimeEvent$$anon$3.run(CoreTimeEvent.scala:62)
	at com.sun.javafx.application.PlatformImpl.lambda$runLater$4(PlatformImpl.java:420)
	at com.sun.glass.ui.monocle.RunnableProcessor.runLoop(RunnableProcessor.java:92)
	at com.sun.glass.ui.monocle.RunnableProcessor.run(RunnableProcessor.java:51)
	at java.base/java.lang.Thread.run(Thread.java:1570)
2025-07-17 19:42:13,476 [ERROR] from com.jpro.internal.server.ViewSerializerActor in JavaFX Application Thread - JavaFXStreamer - got Exception: 
java.lang.ClassNotFoundException: com.example.JavaFXApp
	at java.base/jdk.internal.loader.BuiltinClassLoader.loadClass(BuiltinClassLoader.java:641)
	at java.base/jdk.internal.loader.ClassLoaders$AppClassLoader.loadClass(ClassLoaders.java:188)
	at java.base/java.lang.ClassLoader.loadClass(ClassLoader.java:525)
	at simplefx.util.ReflectionUtil.loadClass(ReflectionUtil.scala:38)
	at simplefx.util.ReflectionUtil.callNew(ReflectionUtil.scala:103)
	at com.jpro.internal.config.ApplicationStarter$.startApplication(ApplicationStarter.scala:109)
	at com.jpro.internal.config.ApplicationStarter$.requestApplication(ApplicationStarter.scala:95)
	at com.jpro.internal.config.ApplicationStarter$.getApplication(ApplicationStarter.scala:61)
	at com.jpro.internal.communicator.ViewImpl.<init>(ViewImpl.scala:43)
	at com.jpro.internal.server.ViewByActor.<init>(ViewSerializerActor.scala:178)
	at com.jpro.internal.server.ViewSerializerActor$$anonfun$handleFirstClientMessage$1.$anonfun$applyOrElse$2(ViewSerializerActor.scala:84)
	at simplefx.cores.standard.parts.CoreTimeEvent$$anon$3.run(CoreTimeEvent.scala:62)
	at com.sun.javafx.application.PlatformImpl.lambda$runLater$4(PlatformImpl.java:420)
	at com.sun.glass.ui.monocle.RunnableProcessor.runLoop(RunnableProcessor.java:92)
	at com.sun.glass.ui.monocle.RunnableProcessor.run(RunnableProcessor.java:51)
	at java.base/java.lang.Thread.run(Thread.java:1570)
2025-07-17 19:42:15,517 [ERROR] from com.jpro.internal.server.ViewSerializerActor in JavaFX Application Thread - JavaFXStreamer - got Exception: 
java.lang.ClassNotFoundException: com.example.JavaFXApp
	at java.base/jdk.internal.loader.BuiltinClassLoader.loadClass(BuiltinClassLoader.java:641)
	at java.base/jdk.internal.loader.ClassLoaders$AppClassLoader.loadClass(ClassLoaders.java:188)
	at java.base/java.lang.ClassLoader.loadClass(ClassLoader.java:525)
	at simplefx.util.ReflectionUtil.loadClass(ReflectionUtil.scala:38)
	at simplefx.util.ReflectionUtil.callNew(ReflectionUtil.scala:103)
	at com.jpro.internal.config.ApplicationStarter$.startApplication(ApplicationStarter.scala:109)
	at com.jpro.internal.config.ApplicationStarter$.requestApplication(ApplicationStarter.scala:95)
	at com.jpro.internal.config.ApplicationStarter$.getApplication(ApplicationStarter.scala:61)
	at com.jpro.internal.communicator.ViewImpl.<init>(ViewImpl.scala:43)
	at com.jpro.internal.server.ViewByActor.<init>(ViewSerializerActor.scala:178)
	at com.jpro.internal.server.ViewSerializerActor$$anonfun$handleFirstClientMessage$1.$anonfun$applyOrElse$2(ViewSerializerActor.scala:84)
	at simplefx.cores.standard.parts.CoreTimeEvent$$anon$3.run(CoreTimeEvent.scala:62)
	at com.sun.javafx.application.PlatformImpl.lambda$runLater$4(PlatformImpl.java:420)
	at com.sun.glass.ui.monocle.RunnableProcessor.runLoop(RunnableProcessor.java:92)
	at com.sun.glass.ui.monocle.RunnableProcessor.run(RunnableProcessor.java:51)
	at java.base/java.lang.Thread.run(Thread.java:1570)
2025-07-17 19:42:17,556 [ERROR] from com.jpro.internal.server.ViewSerializerActor in JavaFX Application Thread - JavaFXStreamer - got Exception: 
java.lang.ClassNotFoundException: com.example.JavaFXApp
	at java.base/jdk.internal.loader.BuiltinClassLoader.loadClass(BuiltinClassLoader.java:641)
	at java.base/jdk.internal.loader.ClassLoaders$AppClassLoader.loadClass(ClassLoaders.java:188)
	at java.base/java.lang.ClassLoader.loadClass(ClassLoader.java:525)
	at simplefx.util.ReflectionUtil.loadClass(ReflectionUtil.scala:38)
	at simplefx.util.ReflectionUtil.callNew(ReflectionUtil.scala:103)
	at com.jpro.internal.config.ApplicationStarter$.startApplication(ApplicationStarter.scala:109)
	at com.jpro.internal.config.ApplicationStarter$.requestApplication(ApplicationStarter.scala:95)
	at com.jpro.internal.config.ApplicationStarter$.getApplication(ApplicationStarter.scala:61)
	at com.jpro.internal.communicator.ViewImpl.<init>(ViewImpl.scala:43)
	at com.jpro.internal.server.ViewByActor.<init>(ViewSerializerActor.scala:178)
	at com.jpro.internal.server.ViewSerializerActor$$anonfun$handleFirstClientMessage$1.$anonfun$applyOrElse$2(ViewSerializerActor.scala:84)
	at simplefx.cores.standard.parts.CoreTimeEvent$$anon$3.run(CoreTimeEvent.scala:62)
	at com.sun.javafx.application.PlatformImpl.lambda$runLater$4(PlatformImpl.java:420)
	at com.sun.glass.ui.monocle.RunnableProcessor.runLoop(RunnableProcessor.java:92)
	at com.sun.glass.ui.monocle.RunnableProcessor.run(RunnableProcessor.java:51)
	at java.base/java.lang.Thread.run(Thread.java:1570)
2025-07-17 19:42:26,078 [ERROR] from com.jpro.internal.server.ViewSerializerActor in JavaFX Application Thread - JavaFXStreamer - got Exception: 
java.lang.ClassNotFoundException: com.example.JavaFXApp
	at java.base/jdk.internal.loader.BuiltinClassLoader.loadClass(BuiltinClassLoader.java:641)
	at java.base/jdk.internal.loader.ClassLoaders$AppClassLoader.loadClass(ClassLoaders.java:188)
	at java.base/java.lang.ClassLoader.loadClass(ClassLoader.java:525)
	at simplefx.util.ReflectionUtil.loadClass(ReflectionUtil.scala:38)
	at simplefx.util.ReflectionUtil.callNew(ReflectionUtil.scala:103)
	at com.jpro.internal.config.ApplicationStarter$.startApplication(ApplicationStarter.scala:109)
	at com.jpro.internal.config.ApplicationStarter$.requestApplication(ApplicationStarter.scala:95)
	at com.jpro.internal.config.ApplicationStarter$.getApplication(ApplicationStarter.scala:61)
	at com.jpro.internal.communicator.ViewImpl.<init>(ViewImpl.scala:43)
	at com.jpro.internal.server.ViewByActor.<init>(ViewSerializerActor.scala:178)
	at com.jpro.internal.server.ViewSerializerActor$$anonfun$handleFirstClientMessage$1.$anonfun$applyOrElse$2(ViewSerializerActor.scala:84)
	at simplefx.cores.standard.parts.CoreTimeEvent$$anon$3.run(CoreTimeEvent.scala:62)
	at com.sun.javafx.application.PlatformImpl.lambda$runLater$4(PlatformImpl.java:420)
	at com.sun.glass.ui.monocle.RunnableProcessor.runLoop(RunnableProcessor.java:92)
	at com.sun.glass.ui.monocle.RunnableProcessor.run(RunnableProcessor.java:51)
	at java.base/java.lang.Thread.run(Thread.java:1570)
2025-07-17 19:42:28,112 [ERROR] from com.jpro.internal.server.ViewSerializerActor in JavaFX Application Thread - JavaFXStreamer - got Exception: 
java.lang.ClassNotFoundException: com.example.JavaFXApp
	at java.base/jdk.internal.loader.BuiltinClassLoader.loadClass(BuiltinClassLoader.java:641)
	at java.base/jdk.internal.loader.ClassLoaders$AppClassLoader.loadClass(ClassLoaders.java:188)
	at java.base/java.lang.ClassLoader.loadClass(ClassLoader.java:525)
	at simplefx.util.ReflectionUtil.loadClass(ReflectionUtil.scala:38)
	at simplefx.util.ReflectionUtil.callNew(ReflectionUtil.scala:103)
	at com.jpro.internal.config.ApplicationStarter$.startApplication(ApplicationStarter.scala:109)
	at com.jpro.internal.config.ApplicationStarter$.requestApplication(ApplicationStarter.scala:95)
	at com.jpro.internal.config.ApplicationStarter$.getApplication(ApplicationStarter.scala:61)
	at com.jpro.internal.communicator.ViewImpl.<init>(ViewImpl.scala:43)
	at com.jpro.internal.server.ViewByActor.<init>(ViewSerializerActor.scala:178)
	at com.jpro.internal.server.ViewSerializerActor$$anonfun$handleFirstClientMessage$1.$anonfun$applyOrElse$2(ViewSerializerActor.scala:84)
	at simplefx.cores.standard.parts.CoreTimeEvent$$anon$3.run(CoreTimeEvent.scala:62)
	at com.sun.javafx.application.PlatformImpl.lambda$runLater$4(PlatformImpl.java:420)
	at com.sun.glass.ui.monocle.RunnableProcessor.runLoop(RunnableProcessor.java:92)
	at com.sun.glass.ui.monocle.RunnableProcessor.run(RunnableProcessor.java:51)
	at java.base/java.lang.Thread.run(Thread.java:1570)
2025-07-17 19:42:30,151 [ERROR] from com.jpro.internal.server.ViewSerializerActor in JavaFX Application Thread - JavaFXStreamer - got Exception: 
java.lang.ClassNotFoundException: com.example.JavaFXApp
	at java.base/jdk.internal.loader.BuiltinClassLoader.loadClass(BuiltinClassLoader.java:641)
	at java.base/jdk.internal.loader.ClassLoaders$AppClassLoader.loadClass(ClassLoaders.java:188)
	at java.base/java.lang.ClassLoader.loadClass(ClassLoader.java:525)
	at simplefx.util.ReflectionUtil.loadClass(ReflectionUtil.scala:38)
	at simplefx.util.ReflectionUtil.callNew(ReflectionUtil.scala:103)
	at com.jpro.internal.config.ApplicationStarter$.startApplication(ApplicationStarter.scala:109)
	at com.jpro.internal.config.ApplicationStarter$.requestApplication(ApplicationStarter.scala:95)
	at com.jpro.internal.config.ApplicationStarter$.getApplication(ApplicationStarter.scala:61)
	at com.jpro.internal.communicator.ViewImpl.<init>(ViewImpl.scala:43)
	at com.jpro.internal.server.ViewByActor.<init>(ViewSerializerActor.scala:178)
	at com.jpro.internal.server.ViewSerializerActor$$anonfun$handleFirstClientMessage$1.$anonfun$applyOrElse$2(ViewSerializerActor.scala:84)
	at simplefx.cores.standard.parts.CoreTimeEvent$$anon$3.run(CoreTimeEvent.scala:62)
	at com.sun.javafx.application.PlatformImpl.lambda$runLater$4(PlatformImpl.java:420)
	at com.sun.glass.ui.monocle.RunnableProcessor.runLoop(RunnableProcessor.java:92)
	at com.sun.glass.ui.monocle.RunnableProcessor.run(RunnableProcessor.java:51)
	at java.base/java.lang.Thread.run(Thread.java:1570)
2025-07-17 19:42:32,184 [ERROR] from com.jpro.internal.server.ViewSerializerActor in JavaFX Application Thread - JavaFXStreamer - got Exception: 
java.lang.ClassNotFoundException: com.example.JavaFXApp
	at java.base/jdk.internal.loader.BuiltinClassLoader.loadClass(BuiltinClassLoader.java:641)
	at java.base/jdk.internal.loader.ClassLoaders$AppClassLoader.loadClass(ClassLoaders.java:188)
	at java.base/java.lang.ClassLoader.loadClass(ClassLoader.java:525)
	at simplefx.util.ReflectionUtil.loadClass(ReflectionUtil.scala:38)
	at simplefx.util.ReflectionUtil.callNew(ReflectionUtil.scala:103)
	at com.jpro.internal.config.ApplicationStarter$.startApplication(ApplicationStarter.scala:109)
	at com.jpro.internal.config.ApplicationStarter$.requestApplication(ApplicationStarter.scala:95)
	at com.jpro.internal.config.ApplicationStarter$.getApplication(ApplicationStarter.scala:61)
	at com.jpro.internal.communicator.ViewImpl.<init>(ViewImpl.scala:43)
	at com.jpro.internal.server.ViewByActor.<init>(ViewSerializerActor.scala:178)
	at com.jpro.internal.server.ViewSerializerActor$$anonfun$handleFirstClientMessage$1.$anonfun$applyOrElse$2(ViewSerializerActor.scala:84)
	at simplefx.cores.standard.parts.CoreTimeEvent$$anon$3.run(CoreTimeEvent.scala:62)
	at com.sun.javafx.application.PlatformImpl.lambda$runLater$4(PlatformImpl.java:420)
	at com.sun.glass.ui.monocle.RunnableProcessor.runLoop(RunnableProcessor.java:92)
	at com.sun.glass.ui.monocle.RunnableProcessor.run(RunnableProcessor.java:51)
	at java.base/java.lang.Thread.run(Thread.java:1570)
2025-07-17 19:42:36,466 [ERROR] from com.jpro.internal.server.ViewSerializerActor in JavaFX Application Thread - JavaFXStreamer - got Exception: 
java.lang.ClassNotFoundException: com.example.JavaFXApp
	at java.base/jdk.internal.loader.BuiltinClassLoader.loadClass(BuiltinClassLoader.java:641)
	at java.base/jdk.internal.loader.ClassLoaders$AppClassLoader.loadClass(ClassLoaders.java:188)
	at java.base/java.lang.ClassLoader.loadClass(ClassLoader.java:525)
	at simplefx.util.ReflectionUtil.loadClass(ReflectionUtil.scala:38)
	at simplefx.util.ReflectionUtil.callNew(ReflectionUtil.scala:103)
	at com.jpro.internal.config.ApplicationStarter$.startApplication(ApplicationStarter.scala:109)
	at com.jpro.internal.config.ApplicationStarter$.requestApplication(ApplicationStarter.scala:95)
	at com.jpro.internal.config.ApplicationStarter$.getApplication(ApplicationStarter.scala:61)
	at com.jpro.internal.communicator.ViewImpl.<init>(ViewImpl.scala:43)
	at com.jpro.internal.server.ViewByActor.<init>(ViewSerializerActor.scala:178)
	at com.jpro.internal.server.ViewSerializerActor$$anonfun$handleFirstClientMessage$1.$anonfun$applyOrElse$2(ViewSerializerActor.scala:84)
	at simplefx.cores.standard.parts.CoreTimeEvent$$anon$3.run(CoreTimeEvent.scala:62)
	at com.sun.javafx.application.PlatformImpl.lambda$runLater$4(PlatformImpl.java:420)
	at com.sun.glass.ui.monocle.RunnableProcessor.runLoop(RunnableProcessor.java:92)
	at com.sun.glass.ui.monocle.RunnableProcessor.run(RunnableProcessor.java:51)
	at java.base/java.lang.Thread.run(Thread.java:1570)
2025-07-17 19:42:40,432 [ERROR] from com.jpro.internal.server.ViewSerializerActor in JavaFX Application Thread - JavaFXStreamer - got Exception: 
java.lang.ClassNotFoundException: com.example.JavaFXApp
	at java.base/jdk.internal.loader.BuiltinClassLoader.loadClass(BuiltinClassLoader.java:641)
	at java.base/jdk.internal.loader.ClassLoaders$AppClassLoader.loadClass(ClassLoaders.java:188)
	at java.base/java.lang.ClassLoader.loadClass(ClassLoader.java:525)
	at simplefx.util.ReflectionUtil.loadClass(ReflectionUtil.scala:38)
	at simplefx.util.ReflectionUtil.callNew(ReflectionUtil.scala:103)
	at com.jpro.internal.config.ApplicationStarter$.startApplication(ApplicationStarter.scala:109)
	at com.jpro.internal.config.ApplicationStarter$.requestApplication(ApplicationStarter.scala:95)
	at com.jpro.internal.config.ApplicationStarter$.getApplication(ApplicationStarter.scala:61)
	at com.jpro.internal.communicator.ViewImpl.<init>(ViewImpl.scala:43)
	at com.jpro.internal.server.ViewByActor.<init>(ViewSerializerActor.scala:178)
	at com.jpro.internal.server.ViewSerializerActor$$anonfun$handleFirstClientMessage$1.$anonfun$applyOrElse$2(ViewSerializerActor.scala:84)
	at simplefx.cores.standard.parts.CoreTimeEvent$$anon$3.run(CoreTimeEvent.scala:62)
	at com.sun.javafx.application.PlatformImpl.lambda$runLater$4(PlatformImpl.java:420)
	at com.sun.glass.ui.monocle.RunnableProcessor.runLoop(RunnableProcessor.java:92)
	at com.sun.glass.ui.monocle.RunnableProcessor.run(RunnableProcessor.java:51)
	at java.base/java.lang.Thread.run(Thread.java:1570)
2025-07-17 19:42:56,091 [ERROR] from com.jpro.internal.server.ViewSerializerActor in JavaFX Application Thread - JavaFXStreamer - got Exception: 
java.lang.ClassNotFoundException: com.example.JavaFXApp
	at java.base/jdk.internal.loader.BuiltinClassLoader.loadClass(BuiltinClassLoader.java:641)
	at java.base/jdk.internal.loader.ClassLoaders$AppClassLoader.loadClass(ClassLoaders.java:188)
	at java.base/java.lang.ClassLoader.loadClass(ClassLoader.java:525)
	at simplefx.util.ReflectionUtil.loadClass(ReflectionUtil.scala:38)
	at simplefx.util.ReflectionUtil.callNew(ReflectionUtil.scala:103)
	at com.jpro.internal.config.ApplicationStarter$.startApplication(ApplicationStarter.scala:109)
	at com.jpro.internal.config.ApplicationStarter$.requestApplication(ApplicationStarter.scala:95)
	at com.jpro.internal.config.ApplicationStarter$.getApplication(ApplicationStarter.scala:61)
	at com.jpro.internal.communicator.ViewImpl.<init>(ViewImpl.scala:43)
	at com.jpro.internal.server.ViewByActor.<init>(ViewSerializerActor.scala:178)
	at com.jpro.internal.server.ViewSerializerActor$$anonfun$handleFirstClientMessage$1.$anonfun$applyOrElse$2(ViewSerializerActor.scala:84)
	at simplefx.cores.standard.parts.CoreTimeEvent$$anon$3.run(CoreTimeEvent.scala:62)
	at com.sun.javafx.application.PlatformImpl.lambda$runLater$4(PlatformImpl.java:420)
	at com.sun.glass.ui.monocle.RunnableProcessor.runLoop(RunnableProcessor.java:92)
	at com.sun.glass.ui.monocle.RunnableProcessor.run(RunnableProcessor.java:51)
	at java.base/java.lang.Thread.run(Thread.java:1570)
2025-07-17 19:42:58,111 [ERROR] from com.jpro.internal.server.ViewSerializerActor in JavaFX Application Thread - JavaFXStreamer - got Exception: 
java.lang.ClassNotFoundException: com.example.JavaFXApp
	at java.base/jdk.internal.loader.BuiltinClassLoader.loadClass(BuiltinClassLoader.java:641)
	at java.base/jdk.internal.loader.ClassLoaders$AppClassLoader.loadClass(ClassLoaders.java:188)
	at java.base/java.lang.ClassLoader.loadClass(ClassLoader.java:525)
	at simplefx.util.ReflectionUtil.loadClass(ReflectionUtil.scala:38)
	at simplefx.util.ReflectionUtil.callNew(ReflectionUtil.scala:103)
	at com.jpro.internal.config.ApplicationStarter$.startApplication(ApplicationStarter.scala:109)
	at com.jpro.internal.config.ApplicationStarter$.requestApplication(ApplicationStarter.scala:95)
	at com.jpro.internal.config.ApplicationStarter$.getApplication(ApplicationStarter.scala:61)
	at com.jpro.internal.communicator.ViewImpl.<init>(ViewImpl.scala:43)
	at com.jpro.internal.server.ViewByActor.<init>(ViewSerializerActor.scala:178)
	at com.jpro.internal.server.ViewSerializerActor$$anonfun$handleFirstClientMessage$1.$anonfun$applyOrElse$2(ViewSerializerActor.scala:84)
	at simplefx.cores.standard.parts.CoreTimeEvent$$anon$3.run(CoreTimeEvent.scala:62)
	at com.sun.javafx.application.PlatformImpl.lambda$runLater$4(PlatformImpl.java:420)
	at com.sun.glass.ui.monocle.RunnableProcessor.runLoop(RunnableProcessor.java:92)
	at com.sun.glass.ui.monocle.RunnableProcessor.run(RunnableProcessor.java:51)
	at java.base/java.lang.Thread.run(Thread.java:1570)
2025-07-17 19:43:00,136 [ERROR] from com.jpro.internal.server.ViewSerializerActor in JavaFX Application Thread - JavaFXStreamer - got Exception: 
java.lang.ClassNotFoundException: com.example.JavaFXApp
	at java.base/jdk.internal.loader.BuiltinClassLoader.loadClass(BuiltinClassLoader.java:641)
	at java.base/jdk.internal.loader.ClassLoaders$AppClassLoader.loadClass(ClassLoaders.java:188)
	at java.base/java.lang.ClassLoader.loadClass(ClassLoader.java:525)
	at simplefx.util.ReflectionUtil.loadClass(ReflectionUtil.scala:38)
	at simplefx.util.ReflectionUtil.callNew(ReflectionUtil.scala:103)
	at com.jpro.internal.config.ApplicationStarter$.startApplication(ApplicationStarter.scala:109)
	at com.jpro.internal.config.ApplicationStarter$.requestApplication(ApplicationStarter.scala:95)
	at com.jpro.internal.config.ApplicationStarter$.getApplication(ApplicationStarter.scala:61)
	at com.jpro.internal.communicator.ViewImpl.<init>(ViewImpl.scala:43)
	at com.jpro.internal.server.ViewByActor.<init>(ViewSerializerActor.scala:178)
	at com.jpro.internal.server.ViewSerializerActor$$anonfun$handleFirstClientMessage$1.$anonfun$applyOrElse$2(ViewSerializerActor.scala:84)
	at simplefx.cores.standard.parts.CoreTimeEvent$$anon$3.run(CoreTimeEvent.scala:62)
	at com.sun.javafx.application.PlatformImpl.lambda$runLater$4(PlatformImpl.java:420)
	at com.sun.glass.ui.monocle.RunnableProcessor.runLoop(RunnableProcessor.java:92)
	at com.sun.glass.ui.monocle.RunnableProcessor.run(RunnableProcessor.java:51)
	at java.base/java.lang.Thread.run(Thread.java:1570)
2025-07-17 19:43:02,166 [ERROR] from com.jpro.internal.server.ViewSerializerActor in JavaFX Application Thread - JavaFXStreamer - got Exception: 
java.lang.ClassNotFoundException: com.example.JavaFXApp
	at java.base/jdk.internal.loader.BuiltinClassLoader.loadClass(BuiltinClassLoader.java:641)
	at java.base/jdk.internal.loader.ClassLoaders$AppClassLoader.loadClass(ClassLoaders.java:188)
	at java.base/java.lang.ClassLoader.loadClass(ClassLoader.java:525)
	at simplefx.util.ReflectionUtil.loadClass(ReflectionUtil.scala:38)
	at simplefx.util.ReflectionUtil.callNew(ReflectionUtil.scala:103)
	at com.jpro.internal.config.ApplicationStarter$.startApplication(ApplicationStarter.scala:109)
	at com.jpro.internal.config.ApplicationStarter$.requestApplication(ApplicationStarter.scala:95)
	at com.jpro.internal.config.ApplicationStarter$.getApplication(ApplicationStarter.scala:61)
	at com.jpro.internal.communicator.ViewImpl.<init>(ViewImpl.scala:43)
	at com.jpro.internal.server.ViewByActor.<init>(ViewSerializerActor.scala:178)
	at com.jpro.internal.server.ViewSerializerActor$$anonfun$handleFirstClientMessage$1.$anonfun$applyOrElse$2(ViewSerializerActor.scala:84)
	at simplefx.cores.standard.parts.CoreTimeEvent$$anon$3.run(CoreTimeEvent.scala:62)
	at com.sun.javafx.application.PlatformImpl.lambda$runLater$4(PlatformImpl.java:420)
	at com.sun.glass.ui.monocle.RunnableProcessor.runLoop(RunnableProcessor.java:92)
	at com.sun.glass.ui.monocle.RunnableProcessor.run(RunnableProcessor.java:51)
	at java.base/java.lang.Thread.run(Thread.java:1570)
2025-07-17 19:43:02,724 [ERROR] from com.jpro.internal.server.ViewSerializerActor in JavaFX Application Thread - JavaFXStreamer - got Exception: 
java.lang.ClassNotFoundException: com.example.JavaFXApp
	at java.base/jdk.internal.loader.BuiltinClassLoader.loadClass(BuiltinClassLoader.java:641)
	at java.base/jdk.internal.loader.ClassLoaders$AppClassLoader.loadClass(ClassLoaders.java:188)
	at java.base/java.lang.ClassLoader.loadClass(ClassLoader.java:525)
	at simplefx.util.ReflectionUtil.loadClass(ReflectionUtil.scala:38)
	at simplefx.util.ReflectionUtil.callNew(ReflectionUtil.scala:103)
	at com.jpro.internal.config.ApplicationStarter$.startApplication(ApplicationStarter.scala:109)
	at com.jpro.internal.config.ApplicationStarter$.requestApplication(ApplicationStarter.scala:95)
	at com.jpro.internal.config.ApplicationStarter$.getApplication(ApplicationStarter.scala:61)
	at com.jpro.internal.communicator.ViewImpl.<init>(ViewImpl.scala:43)
	at com.jpro.internal.server.ViewByActor.<init>(ViewSerializerActor.scala:178)
	at com.jpro.internal.server.ViewSerializerActor$$anonfun$handleFirstClientMessage$1.$anonfun$applyOrElse$2(ViewSerializerActor.scala:84)
	at simplefx.cores.standard.parts.CoreTimeEvent$$anon$3.run(CoreTimeEvent.scala:62)
	at com.sun.javafx.application.PlatformImpl.lambda$runLater$4(PlatformImpl.java:420)
	at com.sun.glass.ui.monocle.RunnableProcessor.runLoop(RunnableProcessor.java:92)
	at com.sun.glass.ui.monocle.RunnableProcessor.run(RunnableProcessor.java:51)
	at java.base/java.lang.Thread.run(Thread.java:1570)
2025-07-17 19:43:04,748 [ERROR] from com.jpro.internal.server.ViewSerializerActor in JavaFX Application Thread - JavaFXStreamer - got Exception: 
java.lang.ClassNotFoundException: com.example.JavaFXApp
	at java.base/jdk.internal.loader.BuiltinClassLoader.loadClass(BuiltinClassLoader.java:641)
	at java.base/jdk.internal.loader.ClassLoaders$AppClassLoader.loadClass(ClassLoaders.java:188)
	at java.base/java.lang.ClassLoader.loadClass(ClassLoader.java:525)
	at simplefx.util.ReflectionUtil.loadClass(ReflectionUtil.scala:38)
	at simplefx.util.ReflectionUtil.callNew(ReflectionUtil.scala:103)
	at com.jpro.internal.config.ApplicationStarter$.startApplication(ApplicationStarter.scala:109)
	at com.jpro.internal.config.ApplicationStarter$.requestApplication(ApplicationStarter.scala:95)
	at com.jpro.internal.config.ApplicationStarter$.getApplication(ApplicationStarter.scala:61)
	at com.jpro.internal.communicator.ViewImpl.<init>(ViewImpl.scala:43)
	at com.jpro.internal.server.ViewByActor.<init>(ViewSerializerActor.scala:178)
	at com.jpro.internal.server.ViewSerializerActor$$anonfun$handleFirstClientMessage$1.$anonfun$applyOrElse$2(ViewSerializerActor.scala:84)
	at simplefx.cores.standard.parts.CoreTimeEvent$$anon$3.run(CoreTimeEvent.scala:62)
	at com.sun.javafx.application.PlatformImpl.lambda$runLater$4(PlatformImpl.java:420)
	at com.sun.glass.ui.monocle.RunnableProcessor.runLoop(RunnableProcessor.java:92)
	at com.sun.glass.ui.monocle.RunnableProcessor.run(RunnableProcessor.java:51)
	at java.base/java.lang.Thread.run(Thread.java:1570)
