2025-07-17 19:42:02,386 [INFO] in AsyncAppender-Worker-ASYNCSTDOUT - [[34mINFO [0;39m] c.jpro.activity - Starting the server - AsyncAppender-Worker-ASYNCSTDOUT
2025-07-17 19:42:02,388 [INFO] in AsyncAppender-Worker-ASYNCSTDOUT - [[34mINFO [0;39m] c.j.i.s.JProInitializer$ -  *** Starting JPro: https://www.jpro.one/ *** - AsyncAppender-Worker-ASYNCSTDOUT
2025-07-17 19:42:02,390 [INFO] in AsyncAppender-Worker-ASYNCSTDOUT - [[34mINFO [0;39m] c.j.i.s.JProInitializer$ - OS: Windows 11 - AsyncAppender-Worker-ASYNCSTDOUT
2025-07-17 19:42:02,398 [INFO] in AsyncAppender-Worker-ASYNCSTDOUT - [[34mINFO [0;39m] c.j.i.s.JProInitializer$ - JPro: 2025.2.1 - AsyncAppender-Worker-ASYNCSTDOUT
2025-07-17 19:42:02,401 [INFO] in AsyncAppender-Worker-ASYNCSTDOUT - [[34mINFO [0;39m] c.j.i.s.JProInitializer$ - Java version: 22.0.2 - AsyncAppender-Worker-ASYNCSTDOUT
2025-07-17 19:42:02,401 [INFO] in AsyncAppender-Worker-ASYNCSTDOUT - [[34mINFO [0;39m] c.j.i.s.JProInitializer$ - JVM: 22.0.2 Oracle Corporation - AsyncAppender-Worker-ASYNCSTDOUT
2025-07-17 19:42:02,403 [INFO] in AsyncAppender-Worker-ASYNCSTDOUT - [[34mINFO [0;39m] c.j.i.s.JProInitializer$ - JavaFX jar: file:/C:/Users/jhona/.gradle/caches/modules-2/files-2.1/org.openjfx/javafx-graphics/24.0.2-jpro+4/8a1acf52bfc4afff588e53af2bc659dbb49caeee/javafx-graphics-24.0.2-jpro+4-win.jar - AsyncAppender-Worker-ASYNCSTDOUT
2025-07-17 19:42:02,419 [INFO] in AsyncAppender-Worker-ASYNCSTDOUT - [[34mINFO [0;39m] c.j.i.s.JProInitializer$ - Configuring logging from url: 'jar:file:/C:/Users/jhona/.gradle/caches/modules-2/files-2.1/one.jpro/jpro-server_2.12/2025.2.1/a09f90c50ccdb731b99b92eefa4aee152b109399/jpro-server_2.12-2025.2.1.jar!/logback-jpro-default.xml' - AsyncAppender-Worker-ASYNCSTDOUT
2025-07-17 19:42:03,432 [INFO] in AsyncAppender-Worker-ASYNCSTDOUT - [[34mINFO [0;39m] c.j.i.s.JProInitializer$ - JavaFX version: 24.0.2-jpro+4 - AsyncAppender-Worker-ASYNCSTDOUT
2025-07-17 19:42:03,498 [INFO] in JavaFX Application Thread - G1 Young Generation - JavaFX Application Thread
2025-07-17 19:42:03,499 [INFO] in JavaFX Application Thread - G1 Concurrent GC - JavaFX Application Thread
2025-07-17 19:42:03,499 [INFO] in JavaFX Application Thread - G1 Old Generation - JavaFX Application Thread
2025-07-17 19:42:03,529 [INFO] in AsyncAppender-Worker-ASYNCSTDOUT - [[34mINFO [0;39m] c.j.i.s.JProInitializer$ - finished init! - AsyncAppender-Worker-ASYNCSTDOUT
2025-07-17 19:42:03,536 [INFO] in AsyncAppender-Worker-ASYNCSTDOUT - [[34mINFO [0;39m] c.j.i.s.JProInitializer$ - [JPro] -> Server started: {start_time: 1752799322349, os_name: Windows 11, jpro_version: 2025.2.1, pid: 22060} - AsyncAppender-Worker-ASYNCSTDOUT
2025-07-17 19:42:04,006 [INFO] in AsyncAppender-Worker-ASYNCSTDOUT - [[34mINFO [0;39m] a.e.s.Slf4jLogger - Slf4jLogger started - AsyncAppender-Worker-ASYNCSTDOUT
2025-07-17 19:42:04,924 [INFO] in AsyncAppender-Worker-ASYNCSTDOUT - [[34mINFO [0;39m] play.api.Play - Application started (Prod) (no global state) - AsyncAppender-Worker-ASYNCSTDOUT
2025-07-17 19:42:05,717 [INFO] in AsyncAppender-Worker-ASYNCSTDOUT - [[34mINFO [0;39m] p.c.s.AkkaHttpServer - Enabling HTTP/2 on Akka HTTP server... - AsyncAppender-Worker-ASYNCSTDOUT
2025-07-17 19:42:05,718 [INFO] in AsyncAppender-Worker-ASYNCSTDOUT - [[34mINFO [0;39m] p.c.s.AkkaHttpServer - Listening for HTTP on /[0:0:0:0:0:0:0:0]:8080 - AsyncAppender-Worker-ASYNCSTDOUT
2025-07-17 19:42:11,550 [INFO] in AsyncAppender-Worker-ASYNCSTDOUT - [[34mINFO [0;39m] c.jpro - application requested: default params: Map() - AsyncAppender-Worker-ASYNCSTDOUT
2025-07-17 19:42:11,556 [INFO] in AsyncAppender-Worker-ASYNCSTDOUT - [[34mINFO [0;39m] c.jpro - Creating Application: default - AsyncAppender-Worker-ASYNCSTDOUT
2025-07-17 19:42:11,568 [INFO] in AsyncAppender-Worker-ASYNCSTDOUT - [[34mINFO [0;39m] c.jpro - remoteAddress 0:0:0:0:0:0:0:1 - AsyncAppender-Worker-ASYNCSTDOUT
2025-07-17 19:42:11,568 [INFO] in AsyncAppender-Worker-ASYNCSTDOUT - [[34mINFO [0;39m] c.jpro - host          localhost:8080 - AsyncAppender-Worker-ASYNCSTDOUT
2025-07-17 19:42:11,568 [INFO] in AsyncAppender-Worker-ASYNCSTDOUT - [[34mINFO [0;39m] c.jpro - uri           /app/ws/default - AsyncAppender-Worker-ASYNCSTDOUT
2025-07-17 19:42:12,116 [INFO] in AsyncAppender-Worker-ASYNCSTDOUT - [[1;31mERROR[0;39m] c.j.i.s.ViewSerializerActor - JavaFXStreamer - got Exception:  - AsyncAppender-Worker-ASYNCSTDOUT
2025-07-17 19:42:12,116 [INFO] in AsyncAppender-Worker-ASYNCSTDOUT - java.lang.ClassNotFoundException: com.example.JavaFXApp - AsyncAppender-Worker-ASYNCSTDOUT
2025-07-17 19:42:12,116 [INFO] in AsyncAppender-Worker-ASYNCSTDOUT - 	at java.base/jdk.internal.loader.BuiltinClassLoader.loadClass(BuiltinClassLoader.java:641) - AsyncAppender-Worker-ASYNCSTDOUT
2025-07-17 19:42:12,116 [INFO] in AsyncAppender-Worker-ASYNCSTDOUT - 	at java.base/jdk.internal.loader.ClassLoaders$AppClassLoader.loadClass(ClassLoaders.java:188) - AsyncAppender-Worker-ASYNCSTDOUT
2025-07-17 19:42:12,116 [INFO] in AsyncAppender-Worker-ASYNCSTDOUT - 	at java.base/java.lang.ClassLoader.loadClass(ClassLoader.java:525) - AsyncAppender-Worker-ASYNCSTDOUT
2025-07-17 19:42:12,116 [INFO] in AsyncAppender-Worker-ASYNCSTDOUT - 	at simplefx.util.ReflectionUtil.loadClass(ReflectionUtil.scala:38) - AsyncAppender-Worker-ASYNCSTDOUT
2025-07-17 19:42:12,117 [INFO] in AsyncAppender-Worker-ASYNCSTDOUT - 	at simplefx.util.ReflectionUtil.callNew(ReflectionUtil.scala:103) - AsyncAppender-Worker-ASYNCSTDOUT
2025-07-17 19:42:12,117 [INFO] in AsyncAppender-Worker-ASYNCSTDOUT - 	at com.jpro.internal.config.ApplicationStarter$.startApplication(ApplicationStarter.scala:109) - AsyncAppender-Worker-ASYNCSTDOUT
2025-07-17 19:42:12,117 [INFO] in AsyncAppender-Worker-ASYNCSTDOUT - 	at com.jpro.internal.config.ApplicationStarter$.requestApplication(ApplicationStarter.scala:95) - AsyncAppender-Worker-ASYNCSTDOUT
2025-07-17 19:42:12,117 [INFO] in AsyncAppender-Worker-ASYNCSTDOUT - 	at com.jpro.internal.config.ApplicationStarter$.getApplication(ApplicationStarter.scala:61) - AsyncAppender-Worker-ASYNCSTDOUT
2025-07-17 19:42:12,117 [INFO] in AsyncAppender-Worker-ASYNCSTDOUT - 	at com.jpro.internal.communicator.ViewImpl.<init>(ViewImpl.scala:43) - AsyncAppender-Worker-ASYNCSTDOUT
2025-07-17 19:42:12,117 [INFO] in AsyncAppender-Worker-ASYNCSTDOUT - 	at com.jpro.internal.server.ViewByActor.<init>(ViewSerializerActor.scala:178) - AsyncAppender-Worker-ASYNCSTDOUT
2025-07-17 19:42:13,449 [INFO] in AsyncAppender-Worker-ASYNCSTDOUT - [[34mINFO [0;39m] c.jpro - application requested: default params: Map() - AsyncAppender-Worker-ASYNCSTDOUT
2025-07-17 19:42:13,452 [INFO] in AsyncAppender-Worker-ASYNCSTDOUT - [[34mINFO [0;39m] c.jpro - Creating Application: default - AsyncAppender-Worker-ASYNCSTDOUT
2025-07-17 19:42:13,452 [INFO] in AsyncAppender-Worker-ASYNCSTDOUT - [[34mINFO [0;39m] c.jpro - remoteAddress 0:0:0:0:0:0:0:1 - AsyncAppender-Worker-ASYNCSTDOUT
2025-07-17 19:42:13,452 [INFO] in AsyncAppender-Worker-ASYNCSTDOUT - [[34mINFO [0;39m] c.jpro - host          localhost:8080 - AsyncAppender-Worker-ASYNCSTDOUT
2025-07-17 19:42:13,452 [INFO] in AsyncAppender-Worker-ASYNCSTDOUT - [[34mINFO [0;39m] c.jpro - uri           /app/ws/default - AsyncAppender-Worker-ASYNCSTDOUT
2025-07-17 19:42:13,478 [INFO] in AsyncAppender-Worker-ASYNCSTDOUT - [[1;31mERROR[0;39m] c.j.i.s.ViewSerializerActor - JavaFXStreamer - got Exception:  - AsyncAppender-Worker-ASYNCSTDOUT
2025-07-17 19:42:13,478 [INFO] in AsyncAppender-Worker-ASYNCSTDOUT - java.lang.ClassNotFoundException: com.example.JavaFXApp - AsyncAppender-Worker-ASYNCSTDOUT
2025-07-17 19:42:13,478 [INFO] in AsyncAppender-Worker-ASYNCSTDOUT - 	at java.base/jdk.internal.loader.BuiltinClassLoader.loadClass(BuiltinClassLoader.java:641) - AsyncAppender-Worker-ASYNCSTDOUT
2025-07-17 19:42:13,478 [INFO] in AsyncAppender-Worker-ASYNCSTDOUT - 	at java.base/jdk.internal.loader.ClassLoaders$AppClassLoader.loadClass(ClassLoaders.java:188) - AsyncAppender-Worker-ASYNCSTDOUT
2025-07-17 19:42:13,478 [INFO] in AsyncAppender-Worker-ASYNCSTDOUT - 	at java.base/java.lang.ClassLoader.loadClass(ClassLoader.java:525) - AsyncAppender-Worker-ASYNCSTDOUT
2025-07-17 19:42:13,478 [INFO] in AsyncAppender-Worker-ASYNCSTDOUT - 	at simplefx.util.ReflectionUtil.loadClass(ReflectionUtil.scala:38) - AsyncAppender-Worker-ASYNCSTDOUT
2025-07-17 19:42:13,479 [INFO] in AsyncAppender-Worker-ASYNCSTDOUT - 	at simplefx.util.ReflectionUtil.callNew(ReflectionUtil.scala:103) - AsyncAppender-Worker-ASYNCSTDOUT
2025-07-17 19:42:13,479 [INFO] in AsyncAppender-Worker-ASYNCSTDOUT - 	at com.jpro.internal.config.ApplicationStarter$.startApplication(ApplicationStarter.scala:109) - AsyncAppender-Worker-ASYNCSTDOUT
2025-07-17 19:42:13,479 [INFO] in AsyncAppender-Worker-ASYNCSTDOUT - 	at com.jpro.internal.config.ApplicationStarter$.requestApplication(ApplicationStarter.scala:95) - AsyncAppender-Worker-ASYNCSTDOUT
2025-07-17 19:42:13,479 [INFO] in AsyncAppender-Worker-ASYNCSTDOUT - 	at com.jpro.internal.config.ApplicationStarter$.getApplication(ApplicationStarter.scala:61) - AsyncAppender-Worker-ASYNCSTDOUT
2025-07-17 19:42:13,479 [INFO] in AsyncAppender-Worker-ASYNCSTDOUT - 	at com.jpro.internal.communicator.ViewImpl.<init>(ViewImpl.scala:43) - AsyncAppender-Worker-ASYNCSTDOUT
2025-07-17 19:42:13,479 [INFO] in AsyncAppender-Worker-ASYNCSTDOUT - 	at com.jpro.internal.server.ViewByActor.<init>(ViewSerializerActor.scala:178) - AsyncAppender-Worker-ASYNCSTDOUT
2025-07-17 19:42:15,496 [INFO] in AsyncAppender-Worker-ASYNCSTDOUT - [[34mINFO [0;39m] c.jpro - application requested: default params: Map() - AsyncAppender-Worker-ASYNCSTDOUT
2025-07-17 19:42:15,496 [INFO] in AsyncAppender-Worker-ASYNCSTDOUT - [[34mINFO [0;39m] c.jpro - Creating Application: default - AsyncAppender-Worker-ASYNCSTDOUT
2025-07-17 19:42:15,496 [INFO] in AsyncAppender-Worker-ASYNCSTDOUT - [[34mINFO [0;39m] c.jpro - remoteAddress 0:0:0:0:0:0:0:1 - AsyncAppender-Worker-ASYNCSTDOUT
2025-07-17 19:42:15,496 [INFO] in AsyncAppender-Worker-ASYNCSTDOUT - [[34mINFO [0;39m] c.jpro - host          localhost:8080 - AsyncAppender-Worker-ASYNCSTDOUT
2025-07-17 19:42:15,496 [INFO] in AsyncAppender-Worker-ASYNCSTDOUT - [[34mINFO [0;39m] c.jpro - uri           /app/ws/default - AsyncAppender-Worker-ASYNCSTDOUT
2025-07-17 19:42:15,517 [INFO] in AsyncAppender-Worker-ASYNCSTDOUT - [[1;31mERROR[0;39m] c.j.i.s.ViewSerializerActor - JavaFXStreamer - got Exception:  - AsyncAppender-Worker-ASYNCSTDOUT
2025-07-17 19:42:15,521 [INFO] in AsyncAppender-Worker-ASYNCSTDOUT - java.lang.ClassNotFoundException: com.example.JavaFXApp - AsyncAppender-Worker-ASYNCSTDOUT
2025-07-17 19:42:15,521 [INFO] in AsyncAppender-Worker-ASYNCSTDOUT - 	at java.base/jdk.internal.loader.BuiltinClassLoader.loadClass(BuiltinClassLoader.java:641) - AsyncAppender-Worker-ASYNCSTDOUT
2025-07-17 19:42:15,521 [INFO] in AsyncAppender-Worker-ASYNCSTDOUT - 	at java.base/jdk.internal.loader.ClassLoaders$AppClassLoader.loadClass(ClassLoaders.java:188) - AsyncAppender-Worker-ASYNCSTDOUT
2025-07-17 19:42:15,521 [INFO] in AsyncAppender-Worker-ASYNCSTDOUT - 	at java.base/java.lang.ClassLoader.loadClass(ClassLoader.java:525) - AsyncAppender-Worker-ASYNCSTDOUT
2025-07-17 19:42:15,521 [INFO] in AsyncAppender-Worker-ASYNCSTDOUT - 	at simplefx.util.ReflectionUtil.loadClass(ReflectionUtil.scala:38) - AsyncAppender-Worker-ASYNCSTDOUT
2025-07-17 19:42:15,521 [INFO] in AsyncAppender-Worker-ASYNCSTDOUT - 	at simplefx.util.ReflectionUtil.callNew(ReflectionUtil.scala:103) - AsyncAppender-Worker-ASYNCSTDOUT
2025-07-17 19:42:15,521 [INFO] in AsyncAppender-Worker-ASYNCSTDOUT - 	at com.jpro.internal.config.ApplicationStarter$.startApplication(ApplicationStarter.scala:109) - AsyncAppender-Worker-ASYNCSTDOUT
2025-07-17 19:42:15,521 [INFO] in AsyncAppender-Worker-ASYNCSTDOUT - 	at com.jpro.internal.config.ApplicationStarter$.requestApplication(ApplicationStarter.scala:95) - AsyncAppender-Worker-ASYNCSTDOUT
2025-07-17 19:42:15,521 [INFO] in AsyncAppender-Worker-ASYNCSTDOUT - 	at com.jpro.internal.config.ApplicationStarter$.getApplication(ApplicationStarter.scala:61) - AsyncAppender-Worker-ASYNCSTDOUT
2025-07-17 19:42:15,521 [INFO] in AsyncAppender-Worker-ASYNCSTDOUT - 	at com.jpro.internal.communicator.ViewImpl.<init>(ViewImpl.scala:43) - AsyncAppender-Worker-ASYNCSTDOUT
2025-07-17 19:42:15,521 [INFO] in AsyncAppender-Worker-ASYNCSTDOUT - 	at com.jpro.internal.server.ViewByActor.<init>(ViewSerializerActor.scala:178) - AsyncAppender-Worker-ASYNCSTDOUT
2025-07-17 19:42:17,538 [INFO] in AsyncAppender-Worker-ASYNCSTDOUT - [[34mINFO [0;39m] c.jpro - application requested: default params: Map() - AsyncAppender-Worker-ASYNCSTDOUT
2025-07-17 19:42:17,538 [INFO] in AsyncAppender-Worker-ASYNCSTDOUT - [[34mINFO [0;39m] c.jpro - Creating Application: default - AsyncAppender-Worker-ASYNCSTDOUT
2025-07-17 19:42:17,538 [INFO] in AsyncAppender-Worker-ASYNCSTDOUT - [[34mINFO [0;39m] c.jpro - remoteAddress 0:0:0:0:0:0:0:1 - AsyncAppender-Worker-ASYNCSTDOUT
2025-07-17 19:42:17,538 [INFO] in AsyncAppender-Worker-ASYNCSTDOUT - [[34mINFO [0;39m] c.jpro - host          localhost:8080 - AsyncAppender-Worker-ASYNCSTDOUT
2025-07-17 19:42:17,538 [INFO] in AsyncAppender-Worker-ASYNCSTDOUT - [[34mINFO [0;39m] c.jpro - uri           /app/ws/default - AsyncAppender-Worker-ASYNCSTDOUT
2025-07-17 19:42:17,559 [INFO] in AsyncAppender-Worker-ASYNCSTDOUT - [[1;31mERROR[0;39m] c.j.i.s.ViewSerializerActor - JavaFXStreamer - got Exception:  - AsyncAppender-Worker-ASYNCSTDOUT
2025-07-17 19:42:17,559 [INFO] in AsyncAppender-Worker-ASYNCSTDOUT - java.lang.ClassNotFoundException: com.example.JavaFXApp - AsyncAppender-Worker-ASYNCSTDOUT
2025-07-17 19:42:17,559 [INFO] in AsyncAppender-Worker-ASYNCSTDOUT - 	at java.base/jdk.internal.loader.BuiltinClassLoader.loadClass(BuiltinClassLoader.java:641) - AsyncAppender-Worker-ASYNCSTDOUT
2025-07-17 19:42:17,559 [INFO] in AsyncAppender-Worker-ASYNCSTDOUT - 	at java.base/jdk.internal.loader.ClassLoaders$AppClassLoader.loadClass(ClassLoaders.java:188) - AsyncAppender-Worker-ASYNCSTDOUT
2025-07-17 19:42:17,559 [INFO] in AsyncAppender-Worker-ASYNCSTDOUT - 	at java.base/java.lang.ClassLoader.loadClass(ClassLoader.java:525) - AsyncAppender-Worker-ASYNCSTDOUT
2025-07-17 19:42:17,559 [INFO] in AsyncAppender-Worker-ASYNCSTDOUT - 	at simplefx.util.ReflectionUtil.loadClass(ReflectionUtil.scala:38) - AsyncAppender-Worker-ASYNCSTDOUT
2025-07-17 19:42:17,559 [INFO] in AsyncAppender-Worker-ASYNCSTDOUT - 	at simplefx.util.ReflectionUtil.callNew(ReflectionUtil.scala:103) - AsyncAppender-Worker-ASYNCSTDOUT
2025-07-17 19:42:17,559 [INFO] in AsyncAppender-Worker-ASYNCSTDOUT - 	at com.jpro.internal.config.ApplicationStarter$.startApplication(ApplicationStarter.scala:109) - AsyncAppender-Worker-ASYNCSTDOUT
2025-07-17 19:42:17,559 [INFO] in AsyncAppender-Worker-ASYNCSTDOUT - 	at com.jpro.internal.config.ApplicationStarter$.requestApplication(ApplicationStarter.scala:95) - AsyncAppender-Worker-ASYNCSTDOUT
2025-07-17 19:42:17,559 [INFO] in AsyncAppender-Worker-ASYNCSTDOUT - 	at com.jpro.internal.config.ApplicationStarter$.getApplication(ApplicationStarter.scala:61) - AsyncAppender-Worker-ASYNCSTDOUT
2025-07-17 19:42:17,559 [INFO] in AsyncAppender-Worker-ASYNCSTDOUT - 	at com.jpro.internal.communicator.ViewImpl.<init>(ViewImpl.scala:43) - AsyncAppender-Worker-ASYNCSTDOUT
2025-07-17 19:42:17,559 [INFO] in AsyncAppender-Worker-ASYNCSTDOUT - 	at com.jpro.internal.server.ViewByActor.<init>(ViewSerializerActor.scala:178) - AsyncAppender-Worker-ASYNCSTDOUT
2025-07-17 19:42:26,062 [INFO] in AsyncAppender-Worker-ASYNCSTDOUT - [[34mINFO [0;39m] c.jpro - application requested: default params: Map() - AsyncAppender-Worker-ASYNCSTDOUT
2025-07-17 19:42:26,062 [INFO] in AsyncAppender-Worker-ASYNCSTDOUT - [[34mINFO [0;39m] c.jpro - Creating Application: default - AsyncAppender-Worker-ASYNCSTDOUT
2025-07-17 19:42:26,062 [INFO] in AsyncAppender-Worker-ASYNCSTDOUT - [[34mINFO [0;39m] c.jpro - remoteAddress 0:0:0:0:0:0:0:1 - AsyncAppender-Worker-ASYNCSTDOUT
2025-07-17 19:42:26,062 [INFO] in AsyncAppender-Worker-ASYNCSTDOUT - [[34mINFO [0;39m] c.jpro - host          localhost:8080 - AsyncAppender-Worker-ASYNCSTDOUT
2025-07-17 19:42:26,062 [INFO] in AsyncAppender-Worker-ASYNCSTDOUT - [[34mINFO [0;39m] c.jpro - uri           /app/ws/default - AsyncAppender-Worker-ASYNCSTDOUT
2025-07-17 19:42:26,078 [INFO] in AsyncAppender-Worker-ASYNCSTDOUT - [[1;31mERROR[0;39m] c.j.i.s.ViewSerializerActor - JavaFXStreamer - got Exception:  - AsyncAppender-Worker-ASYNCSTDOUT
2025-07-17 19:42:26,078 [INFO] in AsyncAppender-Worker-ASYNCSTDOUT - java.lang.ClassNotFoundException: com.example.JavaFXApp - AsyncAppender-Worker-ASYNCSTDOUT
2025-07-17 19:42:26,078 [INFO] in AsyncAppender-Worker-ASYNCSTDOUT - 	at java.base/jdk.internal.loader.BuiltinClassLoader.loadClass(BuiltinClassLoader.java:641) - AsyncAppender-Worker-ASYNCSTDOUT
2025-07-17 19:42:26,078 [INFO] in AsyncAppender-Worker-ASYNCSTDOUT - 	at java.base/jdk.internal.loader.ClassLoaders$AppClassLoader.loadClass(ClassLoaders.java:188) - AsyncAppender-Worker-ASYNCSTDOUT
2025-07-17 19:42:26,078 [INFO] in AsyncAppender-Worker-ASYNCSTDOUT - 	at java.base/java.lang.ClassLoader.loadClass(ClassLoader.java:525) - AsyncAppender-Worker-ASYNCSTDOUT
2025-07-17 19:42:26,078 [INFO] in AsyncAppender-Worker-ASYNCSTDOUT - 	at simplefx.util.ReflectionUtil.loadClass(ReflectionUtil.scala:38) - AsyncAppender-Worker-ASYNCSTDOUT
2025-07-17 19:42:26,078 [INFO] in AsyncAppender-Worker-ASYNCSTDOUT - 	at simplefx.util.ReflectionUtil.callNew(ReflectionUtil.scala:103) - AsyncAppender-Worker-ASYNCSTDOUT
2025-07-17 19:42:26,078 [INFO] in AsyncAppender-Worker-ASYNCSTDOUT - 	at com.jpro.internal.config.ApplicationStarter$.startApplication(ApplicationStarter.scala:109) - AsyncAppender-Worker-ASYNCSTDOUT
2025-07-17 19:42:26,078 [INFO] in AsyncAppender-Worker-ASYNCSTDOUT - 	at com.jpro.internal.config.ApplicationStarter$.requestApplication(ApplicationStarter.scala:95) - AsyncAppender-Worker-ASYNCSTDOUT
2025-07-17 19:42:26,078 [INFO] in AsyncAppender-Worker-ASYNCSTDOUT - 	at com.jpro.internal.config.ApplicationStarter$.getApplication(ApplicationStarter.scala:61) - AsyncAppender-Worker-ASYNCSTDOUT
2025-07-17 19:42:26,078 [INFO] in AsyncAppender-Worker-ASYNCSTDOUT - 	at com.jpro.internal.communicator.ViewImpl.<init>(ViewImpl.scala:43) - AsyncAppender-Worker-ASYNCSTDOUT
2025-07-17 19:42:26,078 [INFO] in AsyncAppender-Worker-ASYNCSTDOUT - 	at com.jpro.internal.server.ViewByActor.<init>(ViewSerializerActor.scala:178) - AsyncAppender-Worker-ASYNCSTDOUT
2025-07-17 19:42:28,096 [INFO] in AsyncAppender-Worker-ASYNCSTDOUT - [[34mINFO [0;39m] c.jpro - application requested: default params: Map() - AsyncAppender-Worker-ASYNCSTDOUT
2025-07-17 19:42:28,096 [INFO] in AsyncAppender-Worker-ASYNCSTDOUT - [[34mINFO [0;39m] c.jpro - Creating Application: default - AsyncAppender-Worker-ASYNCSTDOUT
2025-07-17 19:42:28,096 [INFO] in AsyncAppender-Worker-ASYNCSTDOUT - [[34mINFO [0;39m] c.jpro - remoteAddress 0:0:0:0:0:0:0:1 - AsyncAppender-Worker-ASYNCSTDOUT
2025-07-17 19:42:28,096 [INFO] in AsyncAppender-Worker-ASYNCSTDOUT - [[34mINFO [0;39m] c.jpro - host          localhost:8080 - AsyncAppender-Worker-ASYNCSTDOUT
2025-07-17 19:42:28,096 [INFO] in AsyncAppender-Worker-ASYNCSTDOUT - [[34mINFO [0;39m] c.jpro - uri           /app/ws/default - AsyncAppender-Worker-ASYNCSTDOUT
2025-07-17 19:42:28,112 [INFO] in AsyncAppender-Worker-ASYNCSTDOUT - [[1;31mERROR[0;39m] c.j.i.s.ViewSerializerActor - JavaFXStreamer - got Exception:  - AsyncAppender-Worker-ASYNCSTDOUT
2025-07-17 19:42:28,112 [INFO] in AsyncAppender-Worker-ASYNCSTDOUT - java.lang.ClassNotFoundException: com.example.JavaFXApp - AsyncAppender-Worker-ASYNCSTDOUT
2025-07-17 19:42:28,112 [INFO] in AsyncAppender-Worker-ASYNCSTDOUT - 	at java.base/jdk.internal.loader.BuiltinClassLoader.loadClass(BuiltinClassLoader.java:641) - AsyncAppender-Worker-ASYNCSTDOUT
2025-07-17 19:42:28,112 [INFO] in AsyncAppender-Worker-ASYNCSTDOUT - 	at java.base/jdk.internal.loader.ClassLoaders$AppClassLoader.loadClass(ClassLoaders.java:188) - AsyncAppender-Worker-ASYNCSTDOUT
2025-07-17 19:42:28,112 [INFO] in AsyncAppender-Worker-ASYNCSTDOUT - 	at java.base/java.lang.ClassLoader.loadClass(ClassLoader.java:525) - AsyncAppender-Worker-ASYNCSTDOUT
2025-07-17 19:42:28,112 [INFO] in AsyncAppender-Worker-ASYNCSTDOUT - 	at simplefx.util.ReflectionUtil.loadClass(ReflectionUtil.scala:38) - AsyncAppender-Worker-ASYNCSTDOUT
2025-07-17 19:42:28,112 [INFO] in AsyncAppender-Worker-ASYNCSTDOUT - 	at simplefx.util.ReflectionUtil.callNew(ReflectionUtil.scala:103) - AsyncAppender-Worker-ASYNCSTDOUT
2025-07-17 19:42:28,112 [INFO] in AsyncAppender-Worker-ASYNCSTDOUT - 	at com.jpro.internal.config.ApplicationStarter$.startApplication(ApplicationStarter.scala:109) - AsyncAppender-Worker-ASYNCSTDOUT
2025-07-17 19:42:28,112 [INFO] in AsyncAppender-Worker-ASYNCSTDOUT - 	at com.jpro.internal.config.ApplicationStarter$.requestApplication(ApplicationStarter.scala:95) - AsyncAppender-Worker-ASYNCSTDOUT
2025-07-17 19:42:28,112 [INFO] in AsyncAppender-Worker-ASYNCSTDOUT - 	at com.jpro.internal.config.ApplicationStarter$.getApplication(ApplicationStarter.scala:61) - AsyncAppender-Worker-ASYNCSTDOUT
2025-07-17 19:42:28,112 [INFO] in AsyncAppender-Worker-ASYNCSTDOUT - 	at com.jpro.internal.communicator.ViewImpl.<init>(ViewImpl.scala:43) - AsyncAppender-Worker-ASYNCSTDOUT
2025-07-17 19:42:28,112 [INFO] in AsyncAppender-Worker-ASYNCSTDOUT - 	at com.jpro.internal.server.ViewByActor.<init>(ViewSerializerActor.scala:178) - AsyncAppender-Worker-ASYNCSTDOUT
2025-07-17 19:42:30,134 [INFO] in AsyncAppender-Worker-ASYNCSTDOUT - [[34mINFO [0;39m] c.jpro - application requested: default params: Map() - AsyncAppender-Worker-ASYNCSTDOUT
2025-07-17 19:42:30,136 [INFO] in AsyncAppender-Worker-ASYNCSTDOUT - [[34mINFO [0;39m] c.jpro - Creating Application: default - AsyncAppender-Worker-ASYNCSTDOUT
2025-07-17 19:42:30,136 [INFO] in AsyncAppender-Worker-ASYNCSTDOUT - [[34mINFO [0;39m] c.jpro - remoteAddress 0:0:0:0:0:0:0:1 - AsyncAppender-Worker-ASYNCSTDOUT
2025-07-17 19:42:30,136 [INFO] in AsyncAppender-Worker-ASYNCSTDOUT - [[34mINFO [0;39m] c.jpro - host          localhost:8080 - AsyncAppender-Worker-ASYNCSTDOUT
2025-07-17 19:42:30,136 [INFO] in AsyncAppender-Worker-ASYNCSTDOUT - [[34mINFO [0;39m] c.jpro - uri           /app/ws/default - AsyncAppender-Worker-ASYNCSTDOUT
2025-07-17 19:42:30,151 [INFO] in AsyncAppender-Worker-ASYNCSTDOUT - [[1;31mERROR[0;39m] c.j.i.s.ViewSerializerActor - JavaFXStreamer - got Exception:  - AsyncAppender-Worker-ASYNCSTDOUT
2025-07-17 19:42:30,151 [INFO] in AsyncAppender-Worker-ASYNCSTDOUT - java.lang.ClassNotFoundException: com.example.JavaFXApp - AsyncAppender-Worker-ASYNCSTDOUT
2025-07-17 19:42:30,151 [INFO] in AsyncAppender-Worker-ASYNCSTDOUT - 	at java.base/jdk.internal.loader.BuiltinClassLoader.loadClass(BuiltinClassLoader.java:641) - AsyncAppender-Worker-ASYNCSTDOUT
2025-07-17 19:42:30,151 [INFO] in AsyncAppender-Worker-ASYNCSTDOUT - 	at java.base/jdk.internal.loader.ClassLoaders$AppClassLoader.loadClass(ClassLoaders.java:188) - AsyncAppender-Worker-ASYNCSTDOUT
2025-07-17 19:42:30,151 [INFO] in AsyncAppender-Worker-ASYNCSTDOUT - 	at java.base/java.lang.ClassLoader.loadClass(ClassLoader.java:525) - AsyncAppender-Worker-ASYNCSTDOUT
2025-07-17 19:42:30,151 [INFO] in AsyncAppender-Worker-ASYNCSTDOUT - 	at simplefx.util.ReflectionUtil.loadClass(ReflectionUtil.scala:38) - AsyncAppender-Worker-ASYNCSTDOUT
2025-07-17 19:42:30,151 [INFO] in AsyncAppender-Worker-ASYNCSTDOUT - 	at simplefx.util.ReflectionUtil.callNew(ReflectionUtil.scala:103) - AsyncAppender-Worker-ASYNCSTDOUT
2025-07-17 19:42:30,151 [INFO] in AsyncAppender-Worker-ASYNCSTDOUT - 	at com.jpro.internal.config.ApplicationStarter$.startApplication(ApplicationStarter.scala:109) - AsyncAppender-Worker-ASYNCSTDOUT
2025-07-17 19:42:30,151 [INFO] in AsyncAppender-Worker-ASYNCSTDOUT - 	at com.jpro.internal.config.ApplicationStarter$.requestApplication(ApplicationStarter.scala:95) - AsyncAppender-Worker-ASYNCSTDOUT
2025-07-17 19:42:30,151 [INFO] in AsyncAppender-Worker-ASYNCSTDOUT - 	at com.jpro.internal.config.ApplicationStarter$.getApplication(ApplicationStarter.scala:61) - AsyncAppender-Worker-ASYNCSTDOUT
2025-07-17 19:42:30,151 [INFO] in AsyncAppender-Worker-ASYNCSTDOUT - 	at com.jpro.internal.communicator.ViewImpl.<init>(ViewImpl.scala:43) - AsyncAppender-Worker-ASYNCSTDOUT
2025-07-17 19:42:30,151 [INFO] in AsyncAppender-Worker-ASYNCSTDOUT - 	at com.jpro.internal.server.ViewByActor.<init>(ViewSerializerActor.scala:178) - AsyncAppender-Worker-ASYNCSTDOUT
2025-07-17 19:42:32,170 [INFO] in AsyncAppender-Worker-ASYNCSTDOUT - [[34mINFO [0;39m] c.jpro - application requested: default params: Map() - AsyncAppender-Worker-ASYNCSTDOUT
2025-07-17 19:42:32,171 [INFO] in AsyncAppender-Worker-ASYNCSTDOUT - [[34mINFO [0;39m] c.jpro - Creating Application: default - AsyncAppender-Worker-ASYNCSTDOUT
2025-07-17 19:42:32,171 [INFO] in AsyncAppender-Worker-ASYNCSTDOUT - [[34mINFO [0;39m] c.jpro - remoteAddress 0:0:0:0:0:0:0:1 - AsyncAppender-Worker-ASYNCSTDOUT
2025-07-17 19:42:32,171 [INFO] in AsyncAppender-Worker-ASYNCSTDOUT - [[34mINFO [0;39m] c.jpro - host          localhost:8080 - AsyncAppender-Worker-ASYNCSTDOUT
2025-07-17 19:42:32,171 [INFO] in AsyncAppender-Worker-ASYNCSTDOUT - [[34mINFO [0;39m] c.jpro - uri           /app/ws/default - AsyncAppender-Worker-ASYNCSTDOUT
2025-07-17 19:42:32,186 [INFO] in AsyncAppender-Worker-ASYNCSTDOUT - [[1;31mERROR[0;39m] c.j.i.s.ViewSerializerActor - JavaFXStreamer - got Exception:  - AsyncAppender-Worker-ASYNCSTDOUT
2025-07-17 19:42:32,186 [INFO] in AsyncAppender-Worker-ASYNCSTDOUT - java.lang.ClassNotFoundException: com.example.JavaFXApp - AsyncAppender-Worker-ASYNCSTDOUT
2025-07-17 19:42:32,186 [INFO] in AsyncAppender-Worker-ASYNCSTDOUT - 	at java.base/jdk.internal.loader.BuiltinClassLoader.loadClass(BuiltinClassLoader.java:641) - AsyncAppender-Worker-ASYNCSTDOUT
2025-07-17 19:42:32,186 [INFO] in AsyncAppender-Worker-ASYNCSTDOUT - 	at java.base/jdk.internal.loader.ClassLoaders$AppClassLoader.loadClass(ClassLoaders.java:188) - AsyncAppender-Worker-ASYNCSTDOUT
2025-07-17 19:42:32,186 [INFO] in AsyncAppender-Worker-ASYNCSTDOUT - 	at java.base/java.lang.ClassLoader.loadClass(ClassLoader.java:525) - AsyncAppender-Worker-ASYNCSTDOUT
2025-07-17 19:42:32,186 [INFO] in AsyncAppender-Worker-ASYNCSTDOUT - 	at simplefx.util.ReflectionUtil.loadClass(ReflectionUtil.scala:38) - AsyncAppender-Worker-ASYNCSTDOUT
2025-07-17 19:42:32,186 [INFO] in AsyncAppender-Worker-ASYNCSTDOUT - 	at simplefx.util.ReflectionUtil.callNew(ReflectionUtil.scala:103) - AsyncAppender-Worker-ASYNCSTDOUT
2025-07-17 19:42:32,186 [INFO] in AsyncAppender-Worker-ASYNCSTDOUT - 	at com.jpro.internal.config.ApplicationStarter$.startApplication(ApplicationStarter.scala:109) - AsyncAppender-Worker-ASYNCSTDOUT
2025-07-17 19:42:32,186 [INFO] in AsyncAppender-Worker-ASYNCSTDOUT - 	at com.jpro.internal.config.ApplicationStarter$.requestApplication(ApplicationStarter.scala:95) - AsyncAppender-Worker-ASYNCSTDOUT
2025-07-17 19:42:32,186 [INFO] in AsyncAppender-Worker-ASYNCSTDOUT - 	at com.jpro.internal.config.ApplicationStarter$.getApplication(ApplicationStarter.scala:61) - AsyncAppender-Worker-ASYNCSTDOUT
2025-07-17 19:42:32,187 [INFO] in AsyncAppender-Worker-ASYNCSTDOUT - 	at com.jpro.internal.communicator.ViewImpl.<init>(ViewImpl.scala:43) - AsyncAppender-Worker-ASYNCSTDOUT
2025-07-17 19:42:32,187 [INFO] in AsyncAppender-Worker-ASYNCSTDOUT - 	at com.jpro.internal.server.ViewByActor.<init>(ViewSerializerActor.scala:178) - AsyncAppender-Worker-ASYNCSTDOUT
2025-07-17 19:42:36,389 [INFO] in AsyncAppender-Worker-ASYNCSTDOUT - [[34mINFO [0;39m] c.jpro - application requested: default params: Map() - AsyncAppender-Worker-ASYNCSTDOUT
2025-07-17 19:42:36,389 [INFO] in AsyncAppender-Worker-ASYNCSTDOUT - [[34mINFO [0;39m] c.jpro - Creating Application: default - AsyncAppender-Worker-ASYNCSTDOUT
2025-07-17 19:42:36,389 [INFO] in AsyncAppender-Worker-ASYNCSTDOUT - [[34mINFO [0;39m] c.jpro - remoteAddress 0:0:0:0:0:0:0:1 - AsyncAppender-Worker-ASYNCSTDOUT
2025-07-17 19:42:36,389 [INFO] in AsyncAppender-Worker-ASYNCSTDOUT - [[34mINFO [0;39m] c.jpro - host          localhost:8080 - AsyncAppender-Worker-ASYNCSTDOUT
2025-07-17 19:42:36,389 [INFO] in AsyncAppender-Worker-ASYNCSTDOUT - [[34mINFO [0;39m] c.jpro - uri           /app/ws/default - AsyncAppender-Worker-ASYNCSTDOUT
2025-07-17 19:42:36,466 [INFO] in AsyncAppender-Worker-ASYNCSTDOUT - [[1;31mERROR[0;39m] c.j.i.s.ViewSerializerActor - JavaFXStreamer - got Exception:  - AsyncAppender-Worker-ASYNCSTDOUT
2025-07-17 19:42:36,466 [INFO] in AsyncAppender-Worker-ASYNCSTDOUT - java.lang.ClassNotFoundException: com.example.JavaFXApp - AsyncAppender-Worker-ASYNCSTDOUT
2025-07-17 19:42:36,468 [INFO] in AsyncAppender-Worker-ASYNCSTDOUT - 	at java.base/jdk.internal.loader.BuiltinClassLoader.loadClass(BuiltinClassLoader.java:641) - AsyncAppender-Worker-ASYNCSTDOUT
2025-07-17 19:42:36,468 [INFO] in AsyncAppender-Worker-ASYNCSTDOUT - 	at java.base/jdk.internal.loader.ClassLoaders$AppClassLoader.loadClass(ClassLoaders.java:188) - AsyncAppender-Worker-ASYNCSTDOUT
2025-07-17 19:42:36,468 [INFO] in AsyncAppender-Worker-ASYNCSTDOUT - 	at java.base/java.lang.ClassLoader.loadClass(ClassLoader.java:525) - AsyncAppender-Worker-ASYNCSTDOUT
2025-07-17 19:42:36,468 [INFO] in AsyncAppender-Worker-ASYNCSTDOUT - 	at simplefx.util.ReflectionUtil.loadClass(ReflectionUtil.scala:38) - AsyncAppender-Worker-ASYNCSTDOUT
2025-07-17 19:42:36,468 [INFO] in AsyncAppender-Worker-ASYNCSTDOUT - 	at simplefx.util.ReflectionUtil.callNew(ReflectionUtil.scala:103) - AsyncAppender-Worker-ASYNCSTDOUT
2025-07-17 19:42:36,468 [INFO] in AsyncAppender-Worker-ASYNCSTDOUT - 	at com.jpro.internal.config.ApplicationStarter$.startApplication(ApplicationStarter.scala:109) - AsyncAppender-Worker-ASYNCSTDOUT
2025-07-17 19:42:36,468 [INFO] in AsyncAppender-Worker-ASYNCSTDOUT - 	at com.jpro.internal.config.ApplicationStarter$.requestApplication(ApplicationStarter.scala:95) - AsyncAppender-Worker-ASYNCSTDOUT
2025-07-17 19:42:36,468 [INFO] in AsyncAppender-Worker-ASYNCSTDOUT - 	at com.jpro.internal.config.ApplicationStarter$.getApplication(ApplicationStarter.scala:61) - AsyncAppender-Worker-ASYNCSTDOUT
2025-07-17 19:42:36,468 [INFO] in AsyncAppender-Worker-ASYNCSTDOUT - 	at com.jpro.internal.communicator.ViewImpl.<init>(ViewImpl.scala:43) - AsyncAppender-Worker-ASYNCSTDOUT
2025-07-17 19:42:36,468 [INFO] in AsyncAppender-Worker-ASYNCSTDOUT - 	at com.jpro.internal.server.ViewByActor.<init>(ViewSerializerActor.scala:178) - AsyncAppender-Worker-ASYNCSTDOUT
2025-07-17 19:42:40,419 [INFO] in AsyncAppender-Worker-ASYNCSTDOUT - [[34mINFO [0;39m] c.jpro - application requested: default params: Map() - AsyncAppender-Worker-ASYNCSTDOUT
2025-07-17 19:42:40,419 [INFO] in AsyncAppender-Worker-ASYNCSTDOUT - [[34mINFO [0;39m] c.jpro - Creating Application: default - AsyncAppender-Worker-ASYNCSTDOUT
2025-07-17 19:42:40,419 [INFO] in AsyncAppender-Worker-ASYNCSTDOUT - [[34mINFO [0;39m] c.jpro - remoteAddress 0:0:0:0:0:0:0:1 - AsyncAppender-Worker-ASYNCSTDOUT
2025-07-17 19:42:40,419 [INFO] in AsyncAppender-Worker-ASYNCSTDOUT - [[34mINFO [0;39m] c.jpro - host          localhost:8080 - AsyncAppender-Worker-ASYNCSTDOUT
2025-07-17 19:42:40,419 [INFO] in AsyncAppender-Worker-ASYNCSTDOUT - [[34mINFO [0;39m] c.jpro - uri           /app/ws/default - AsyncAppender-Worker-ASYNCSTDOUT
2025-07-17 19:42:40,432 [INFO] in AsyncAppender-Worker-ASYNCSTDOUT - [[1;31mERROR[0;39m] c.j.i.s.ViewSerializerActor - JavaFXStreamer - got Exception:  - AsyncAppender-Worker-ASYNCSTDOUT
2025-07-17 19:42:40,432 [INFO] in AsyncAppender-Worker-ASYNCSTDOUT - java.lang.ClassNotFoundException: com.example.JavaFXApp - AsyncAppender-Worker-ASYNCSTDOUT
2025-07-17 19:42:40,432 [INFO] in AsyncAppender-Worker-ASYNCSTDOUT - 	at java.base/jdk.internal.loader.BuiltinClassLoader.loadClass(BuiltinClassLoader.java:641) - AsyncAppender-Worker-ASYNCSTDOUT
2025-07-17 19:42:40,432 [INFO] in AsyncAppender-Worker-ASYNCSTDOUT - 	at java.base/jdk.internal.loader.ClassLoaders$AppClassLoader.loadClass(ClassLoaders.java:188) - AsyncAppender-Worker-ASYNCSTDOUT
2025-07-17 19:42:40,432 [INFO] in AsyncAppender-Worker-ASYNCSTDOUT - 	at java.base/java.lang.ClassLoader.loadClass(ClassLoader.java:525) - AsyncAppender-Worker-ASYNCSTDOUT
2025-07-17 19:42:40,432 [INFO] in AsyncAppender-Worker-ASYNCSTDOUT - 	at simplefx.util.ReflectionUtil.loadClass(ReflectionUtil.scala:38) - AsyncAppender-Worker-ASYNCSTDOUT
2025-07-17 19:42:40,434 [INFO] in AsyncAppender-Worker-ASYNCSTDOUT - 	at simplefx.util.ReflectionUtil.callNew(ReflectionUtil.scala:103) - AsyncAppender-Worker-ASYNCSTDOUT
2025-07-17 19:42:40,434 [INFO] in AsyncAppender-Worker-ASYNCSTDOUT - 	at com.jpro.internal.config.ApplicationStarter$.startApplication(ApplicationStarter.scala:109) - AsyncAppender-Worker-ASYNCSTDOUT
2025-07-17 19:42:40,434 [INFO] in AsyncAppender-Worker-ASYNCSTDOUT - 	at com.jpro.internal.config.ApplicationStarter$.requestApplication(ApplicationStarter.scala:95) - AsyncAppender-Worker-ASYNCSTDOUT
2025-07-17 19:42:40,434 [INFO] in AsyncAppender-Worker-ASYNCSTDOUT - 	at com.jpro.internal.config.ApplicationStarter$.getApplication(ApplicationStarter.scala:61) - AsyncAppender-Worker-ASYNCSTDOUT
2025-07-17 19:42:40,434 [INFO] in AsyncAppender-Worker-ASYNCSTDOUT - 	at com.jpro.internal.communicator.ViewImpl.<init>(ViewImpl.scala:43) - AsyncAppender-Worker-ASYNCSTDOUT
2025-07-17 19:42:40,434 [INFO] in AsyncAppender-Worker-ASYNCSTDOUT - 	at com.jpro.internal.server.ViewByActor.<init>(ViewSerializerActor.scala:178) - AsyncAppender-Worker-ASYNCSTDOUT
2025-07-17 19:42:56,078 [INFO] in AsyncAppender-Worker-ASYNCSTDOUT - [[34mINFO [0;39m] c.jpro - application requested: default params: Map() - AsyncAppender-Worker-ASYNCSTDOUT
2025-07-17 19:42:56,079 [INFO] in AsyncAppender-Worker-ASYNCSTDOUT - [[34mINFO [0;39m] c.jpro - Creating Application: default - AsyncAppender-Worker-ASYNCSTDOUT
2025-07-17 19:42:56,079 [INFO] in AsyncAppender-Worker-ASYNCSTDOUT - [[34mINFO [0;39m] c.jpro - remoteAddress 0:0:0:0:0:0:0:1 - AsyncAppender-Worker-ASYNCSTDOUT
2025-07-17 19:42:56,079 [INFO] in AsyncAppender-Worker-ASYNCSTDOUT - [[34mINFO [0;39m] c.jpro - host          localhost:8080 - AsyncAppender-Worker-ASYNCSTDOUT
2025-07-17 19:42:56,080 [INFO] in AsyncAppender-Worker-ASYNCSTDOUT - [[34mINFO [0;39m] c.jpro - uri           /app/ws/default - AsyncAppender-Worker-ASYNCSTDOUT
2025-07-17 19:42:56,091 [INFO] in AsyncAppender-Worker-ASYNCSTDOUT - [[1;31mERROR[0;39m] c.j.i.s.ViewSerializerActor - JavaFXStreamer - got Exception:  - AsyncAppender-Worker-ASYNCSTDOUT
2025-07-17 19:42:56,091 [INFO] in AsyncAppender-Worker-ASYNCSTDOUT - java.lang.ClassNotFoundException: com.example.JavaFXApp - AsyncAppender-Worker-ASYNCSTDOUT
2025-07-17 19:42:56,091 [INFO] in AsyncAppender-Worker-ASYNCSTDOUT - 	at java.base/jdk.internal.loader.BuiltinClassLoader.loadClass(BuiltinClassLoader.java:641) - AsyncAppender-Worker-ASYNCSTDOUT
2025-07-17 19:42:56,091 [INFO] in AsyncAppender-Worker-ASYNCSTDOUT - 	at java.base/jdk.internal.loader.ClassLoaders$AppClassLoader.loadClass(ClassLoaders.java:188) - AsyncAppender-Worker-ASYNCSTDOUT
2025-07-17 19:42:56,091 [INFO] in AsyncAppender-Worker-ASYNCSTDOUT - 	at java.base/java.lang.ClassLoader.loadClass(ClassLoader.java:525) - AsyncAppender-Worker-ASYNCSTDOUT
2025-07-17 19:42:56,092 [INFO] in AsyncAppender-Worker-ASYNCSTDOUT - 	at simplefx.util.ReflectionUtil.loadClass(ReflectionUtil.scala:38) - AsyncAppender-Worker-ASYNCSTDOUT
2025-07-17 19:42:56,092 [INFO] in AsyncAppender-Worker-ASYNCSTDOUT - 	at simplefx.util.ReflectionUtil.callNew(ReflectionUtil.scala:103) - AsyncAppender-Worker-ASYNCSTDOUT
2025-07-17 19:42:56,092 [INFO] in AsyncAppender-Worker-ASYNCSTDOUT - 	at com.jpro.internal.config.ApplicationStarter$.startApplication(ApplicationStarter.scala:109) - AsyncAppender-Worker-ASYNCSTDOUT
2025-07-17 19:42:56,092 [INFO] in AsyncAppender-Worker-ASYNCSTDOUT - 	at com.jpro.internal.config.ApplicationStarter$.requestApplication(ApplicationStarter.scala:95) - AsyncAppender-Worker-ASYNCSTDOUT
2025-07-17 19:42:56,092 [INFO] in AsyncAppender-Worker-ASYNCSTDOUT - 	at com.jpro.internal.config.ApplicationStarter$.getApplication(ApplicationStarter.scala:61) - AsyncAppender-Worker-ASYNCSTDOUT
2025-07-17 19:42:56,092 [INFO] in AsyncAppender-Worker-ASYNCSTDOUT - 	at com.jpro.internal.communicator.ViewImpl.<init>(ViewImpl.scala:43) - AsyncAppender-Worker-ASYNCSTDOUT
2025-07-17 19:42:56,093 [INFO] in AsyncAppender-Worker-ASYNCSTDOUT - 	at com.jpro.internal.server.ViewByActor.<init>(ViewSerializerActor.scala:178) - AsyncAppender-Worker-ASYNCSTDOUT
2025-07-17 19:42:58,104 [INFO] in AsyncAppender-Worker-ASYNCSTDOUT - [[34mINFO [0;39m] c.jpro - application requested: default params: Map() - AsyncAppender-Worker-ASYNCSTDOUT
2025-07-17 19:42:58,104 [INFO] in AsyncAppender-Worker-ASYNCSTDOUT - [[34mINFO [0;39m] c.jpro - Creating Application: default - AsyncAppender-Worker-ASYNCSTDOUT
2025-07-17 19:42:58,104 [INFO] in AsyncAppender-Worker-ASYNCSTDOUT - [[34mINFO [0;39m] c.jpro - remoteAddress 0:0:0:0:0:0:0:1 - AsyncAppender-Worker-ASYNCSTDOUT
2025-07-17 19:42:58,104 [INFO] in AsyncAppender-Worker-ASYNCSTDOUT - [[34mINFO [0;39m] c.jpro - host          localhost:8080 - AsyncAppender-Worker-ASYNCSTDOUT
2025-07-17 19:42:58,104 [INFO] in AsyncAppender-Worker-ASYNCSTDOUT - [[34mINFO [0;39m] c.jpro - uri           /app/ws/default - AsyncAppender-Worker-ASYNCSTDOUT
2025-07-17 19:42:58,112 [INFO] in AsyncAppender-Worker-ASYNCSTDOUT - [[1;31mERROR[0;39m] c.j.i.s.ViewSerializerActor - JavaFXStreamer - got Exception:  - AsyncAppender-Worker-ASYNCSTDOUT
2025-07-17 19:42:58,112 [INFO] in AsyncAppender-Worker-ASYNCSTDOUT - java.lang.ClassNotFoundException: com.example.JavaFXApp - AsyncAppender-Worker-ASYNCSTDOUT
2025-07-17 19:42:58,112 [INFO] in AsyncAppender-Worker-ASYNCSTDOUT - 	at java.base/jdk.internal.loader.BuiltinClassLoader.loadClass(BuiltinClassLoader.java:641) - AsyncAppender-Worker-ASYNCSTDOUT
2025-07-17 19:42:58,112 [INFO] in AsyncAppender-Worker-ASYNCSTDOUT - 	at java.base/jdk.internal.loader.ClassLoaders$AppClassLoader.loadClass(ClassLoaders.java:188) - AsyncAppender-Worker-ASYNCSTDOUT
2025-07-17 19:42:58,112 [INFO] in AsyncAppender-Worker-ASYNCSTDOUT - 	at java.base/java.lang.ClassLoader.loadClass(ClassLoader.java:525) - AsyncAppender-Worker-ASYNCSTDOUT
2025-07-17 19:42:58,112 [INFO] in AsyncAppender-Worker-ASYNCSTDOUT - 	at simplefx.util.ReflectionUtil.loadClass(ReflectionUtil.scala:38) - AsyncAppender-Worker-ASYNCSTDOUT
2025-07-17 19:42:58,112 [INFO] in AsyncAppender-Worker-ASYNCSTDOUT - 	at simplefx.util.ReflectionUtil.callNew(ReflectionUtil.scala:103) - AsyncAppender-Worker-ASYNCSTDOUT
2025-07-17 19:42:58,112 [INFO] in AsyncAppender-Worker-ASYNCSTDOUT - 	at com.jpro.internal.config.ApplicationStarter$.startApplication(ApplicationStarter.scala:109) - AsyncAppender-Worker-ASYNCSTDOUT
2025-07-17 19:42:58,113 [INFO] in AsyncAppender-Worker-ASYNCSTDOUT - 	at com.jpro.internal.config.ApplicationStarter$.requestApplication(ApplicationStarter.scala:95) - AsyncAppender-Worker-ASYNCSTDOUT
2025-07-17 19:42:58,113 [INFO] in AsyncAppender-Worker-ASYNCSTDOUT - 	at com.jpro.internal.config.ApplicationStarter$.getApplication(ApplicationStarter.scala:61) - AsyncAppender-Worker-ASYNCSTDOUT
2025-07-17 19:42:58,113 [INFO] in AsyncAppender-Worker-ASYNCSTDOUT - 	at com.jpro.internal.communicator.ViewImpl.<init>(ViewImpl.scala:43) - AsyncAppender-Worker-ASYNCSTDOUT
2025-07-17 19:42:58,113 [INFO] in AsyncAppender-Worker-ASYNCSTDOUT - 	at com.jpro.internal.server.ViewByActor.<init>(ViewSerializerActor.scala:178) - AsyncAppender-Worker-ASYNCSTDOUT
2025-07-17 19:42:59,385 [INFO] in AsyncAppender-Worker-ASYNCSTDOUT - [[31mWARN [0;39m] c.jpro - jpro.plainFile - Couldn't get resource for: 'jpro/html/.well-known/appspecific/com.chrome.devtools.json' - AsyncAppender-Worker-ASYNCSTDOUT
2025-07-17 19:43:00,126 [INFO] in AsyncAppender-Worker-ASYNCSTDOUT - [[34mINFO [0;39m] c.jpro - application requested: default params: Map() - AsyncAppender-Worker-ASYNCSTDOUT
2025-07-17 19:43:00,126 [INFO] in AsyncAppender-Worker-ASYNCSTDOUT - [[34mINFO [0;39m] c.jpro - Creating Application: default - AsyncAppender-Worker-ASYNCSTDOUT
2025-07-17 19:43:00,126 [INFO] in AsyncAppender-Worker-ASYNCSTDOUT - [[34mINFO [0;39m] c.jpro - remoteAddress 0:0:0:0:0:0:0:1 - AsyncAppender-Worker-ASYNCSTDOUT
2025-07-17 19:43:00,126 [INFO] in AsyncAppender-Worker-ASYNCSTDOUT - [[34mINFO [0;39m] c.jpro - host          localhost:8080 - AsyncAppender-Worker-ASYNCSTDOUT
2025-07-17 19:43:00,126 [INFO] in AsyncAppender-Worker-ASYNCSTDOUT - [[34mINFO [0;39m] c.jpro - uri           /app/ws/default - AsyncAppender-Worker-ASYNCSTDOUT
2025-07-17 19:43:00,137 [INFO] in AsyncAppender-Worker-ASYNCSTDOUT - [[1;31mERROR[0;39m] c.j.i.s.ViewSerializerActor - JavaFXStreamer - got Exception:  - AsyncAppender-Worker-ASYNCSTDOUT
2025-07-17 19:43:00,137 [INFO] in AsyncAppender-Worker-ASYNCSTDOUT - java.lang.ClassNotFoundException: com.example.JavaFXApp - AsyncAppender-Worker-ASYNCSTDOUT
2025-07-17 19:43:00,137 [INFO] in AsyncAppender-Worker-ASYNCSTDOUT - 	at java.base/jdk.internal.loader.BuiltinClassLoader.loadClass(BuiltinClassLoader.java:641) - AsyncAppender-Worker-ASYNCSTDOUT
2025-07-17 19:43:00,137 [INFO] in AsyncAppender-Worker-ASYNCSTDOUT - 	at java.base/jdk.internal.loader.ClassLoaders$AppClassLoader.loadClass(ClassLoaders.java:188) - AsyncAppender-Worker-ASYNCSTDOUT
2025-07-17 19:43:00,137 [INFO] in AsyncAppender-Worker-ASYNCSTDOUT - 	at java.base/java.lang.ClassLoader.loadClass(ClassLoader.java:525) - AsyncAppender-Worker-ASYNCSTDOUT
2025-07-17 19:43:00,137 [INFO] in AsyncAppender-Worker-ASYNCSTDOUT - 	at simplefx.util.ReflectionUtil.loadClass(ReflectionUtil.scala:38) - AsyncAppender-Worker-ASYNCSTDOUT
2025-07-17 19:43:00,137 [INFO] in AsyncAppender-Worker-ASYNCSTDOUT - 	at simplefx.util.ReflectionUtil.callNew(ReflectionUtil.scala:103) - AsyncAppender-Worker-ASYNCSTDOUT
2025-07-17 19:43:00,137 [INFO] in AsyncAppender-Worker-ASYNCSTDOUT - 	at com.jpro.internal.config.ApplicationStarter$.startApplication(ApplicationStarter.scala:109) - AsyncAppender-Worker-ASYNCSTDOUT
2025-07-17 19:43:00,137 [INFO] in AsyncAppender-Worker-ASYNCSTDOUT - 	at com.jpro.internal.config.ApplicationStarter$.requestApplication(ApplicationStarter.scala:95) - AsyncAppender-Worker-ASYNCSTDOUT
2025-07-17 19:43:00,137 [INFO] in AsyncAppender-Worker-ASYNCSTDOUT - 	at com.jpro.internal.config.ApplicationStarter$.getApplication(ApplicationStarter.scala:61) - AsyncAppender-Worker-ASYNCSTDOUT
2025-07-17 19:43:00,137 [INFO] in AsyncAppender-Worker-ASYNCSTDOUT - 	at com.jpro.internal.communicator.ViewImpl.<init>(ViewImpl.scala:43) - AsyncAppender-Worker-ASYNCSTDOUT
2025-07-17 19:43:00,137 [INFO] in AsyncAppender-Worker-ASYNCSTDOUT - 	at com.jpro.internal.server.ViewByActor.<init>(ViewSerializerActor.scala:178) - AsyncAppender-Worker-ASYNCSTDOUT
2025-07-17 19:43:02,152 [INFO] in AsyncAppender-Worker-ASYNCSTDOUT - [[34mINFO [0;39m] c.jpro - application requested: default params: Map() - AsyncAppender-Worker-ASYNCSTDOUT
2025-07-17 19:43:02,152 [INFO] in AsyncAppender-Worker-ASYNCSTDOUT - [[34mINFO [0;39m] c.jpro - Creating Application: default - AsyncAppender-Worker-ASYNCSTDOUT
2025-07-17 19:43:02,152 [INFO] in AsyncAppender-Worker-ASYNCSTDOUT - [[34mINFO [0;39m] c.jpro - remoteAddress 0:0:0:0:0:0:0:1 - AsyncAppender-Worker-ASYNCSTDOUT
2025-07-17 19:43:02,152 [INFO] in AsyncAppender-Worker-ASYNCSTDOUT - [[34mINFO [0;39m] c.jpro - host          localhost:8080 - AsyncAppender-Worker-ASYNCSTDOUT
2025-07-17 19:43:02,152 [INFO] in AsyncAppender-Worker-ASYNCSTDOUT - [[34mINFO [0;39m] c.jpro - uri           /app/ws/default - AsyncAppender-Worker-ASYNCSTDOUT
2025-07-17 19:43:02,166 [INFO] in AsyncAppender-Worker-ASYNCSTDOUT - [[1;31mERROR[0;39m] c.j.i.s.ViewSerializerActor - JavaFXStreamer - got Exception:  - AsyncAppender-Worker-ASYNCSTDOUT
2025-07-17 19:43:02,166 [INFO] in AsyncAppender-Worker-ASYNCSTDOUT - java.lang.ClassNotFoundException: com.example.JavaFXApp - AsyncAppender-Worker-ASYNCSTDOUT
2025-07-17 19:43:02,166 [INFO] in AsyncAppender-Worker-ASYNCSTDOUT - 	at java.base/jdk.internal.loader.BuiltinClassLoader.loadClass(BuiltinClassLoader.java:641) - AsyncAppender-Worker-ASYNCSTDOUT
2025-07-17 19:43:02,166 [INFO] in AsyncAppender-Worker-ASYNCSTDOUT - 	at java.base/jdk.internal.loader.ClassLoaders$AppClassLoader.loadClass(ClassLoaders.java:188) - AsyncAppender-Worker-ASYNCSTDOUT
2025-07-17 19:43:02,166 [INFO] in AsyncAppender-Worker-ASYNCSTDOUT - 	at java.base/java.lang.ClassLoader.loadClass(ClassLoader.java:525) - AsyncAppender-Worker-ASYNCSTDOUT
2025-07-17 19:43:02,166 [INFO] in AsyncAppender-Worker-ASYNCSTDOUT - 	at simplefx.util.ReflectionUtil.loadClass(ReflectionUtil.scala:38) - AsyncAppender-Worker-ASYNCSTDOUT
2025-07-17 19:43:02,166 [INFO] in AsyncAppender-Worker-ASYNCSTDOUT - 	at simplefx.util.ReflectionUtil.callNew(ReflectionUtil.scala:103) - AsyncAppender-Worker-ASYNCSTDOUT
2025-07-17 19:43:02,166 [INFO] in AsyncAppender-Worker-ASYNCSTDOUT - 	at com.jpro.internal.config.ApplicationStarter$.startApplication(ApplicationStarter.scala:109) - AsyncAppender-Worker-ASYNCSTDOUT
2025-07-17 19:43:02,166 [INFO] in AsyncAppender-Worker-ASYNCSTDOUT - 	at com.jpro.internal.config.ApplicationStarter$.requestApplication(ApplicationStarter.scala:95) - AsyncAppender-Worker-ASYNCSTDOUT
2025-07-17 19:43:02,166 [INFO] in AsyncAppender-Worker-ASYNCSTDOUT - 	at com.jpro.internal.config.ApplicationStarter$.getApplication(ApplicationStarter.scala:61) - AsyncAppender-Worker-ASYNCSTDOUT
2025-07-17 19:43:02,166 [INFO] in AsyncAppender-Worker-ASYNCSTDOUT - 	at com.jpro.internal.communicator.ViewImpl.<init>(ViewImpl.scala:43) - AsyncAppender-Worker-ASYNCSTDOUT
2025-07-17 19:43:02,166 [INFO] in AsyncAppender-Worker-ASYNCSTDOUT - 	at com.jpro.internal.server.ViewByActor.<init>(ViewSerializerActor.scala:178) - AsyncAppender-Worker-ASYNCSTDOUT
2025-07-17 19:43:02,711 [INFO] in AsyncAppender-Worker-ASYNCSTDOUT - [[34mINFO [0;39m] c.jpro - application requested: default params: Map() - AsyncAppender-Worker-ASYNCSTDOUT
2025-07-17 19:43:02,711 [INFO] in AsyncAppender-Worker-ASYNCSTDOUT - [[34mINFO [0;39m] c.jpro - Creating Application: default - AsyncAppender-Worker-ASYNCSTDOUT
2025-07-17 19:43:02,711 [INFO] in AsyncAppender-Worker-ASYNCSTDOUT - [[34mINFO [0;39m] c.jpro - remoteAddress 0:0:0:0:0:0:0:1 - AsyncAppender-Worker-ASYNCSTDOUT
2025-07-17 19:43:02,711 [INFO] in AsyncAppender-Worker-ASYNCSTDOUT - [[34mINFO [0;39m] c.jpro - host          localhost:8080 - AsyncAppender-Worker-ASYNCSTDOUT
2025-07-17 19:43:02,711 [INFO] in AsyncAppender-Worker-ASYNCSTDOUT - [[34mINFO [0;39m] c.jpro - uri           /app/ws/default - AsyncAppender-Worker-ASYNCSTDOUT
2025-07-17 19:43:02,726 [INFO] in AsyncAppender-Worker-ASYNCSTDOUT - [[1;31mERROR[0;39m] c.j.i.s.ViewSerializerActor - JavaFXStreamer - got Exception:  - AsyncAppender-Worker-ASYNCSTDOUT
2025-07-17 19:43:02,726 [INFO] in AsyncAppender-Worker-ASYNCSTDOUT - java.lang.ClassNotFoundException: com.example.JavaFXApp - AsyncAppender-Worker-ASYNCSTDOUT
2025-07-17 19:43:02,726 [INFO] in AsyncAppender-Worker-ASYNCSTDOUT - 	at java.base/jdk.internal.loader.BuiltinClassLoader.loadClass(BuiltinClassLoader.java:641) - AsyncAppender-Worker-ASYNCSTDOUT
2025-07-17 19:43:02,726 [INFO] in AsyncAppender-Worker-ASYNCSTDOUT - 	at java.base/jdk.internal.loader.ClassLoaders$AppClassLoader.loadClass(ClassLoaders.java:188) - AsyncAppender-Worker-ASYNCSTDOUT
2025-07-17 19:43:02,726 [INFO] in AsyncAppender-Worker-ASYNCSTDOUT - 	at java.base/java.lang.ClassLoader.loadClass(ClassLoader.java:525) - AsyncAppender-Worker-ASYNCSTDOUT
2025-07-17 19:43:02,726 [INFO] in AsyncAppender-Worker-ASYNCSTDOUT - 	at simplefx.util.ReflectionUtil.loadClass(ReflectionUtil.scala:38) - AsyncAppender-Worker-ASYNCSTDOUT
2025-07-17 19:43:02,726 [INFO] in AsyncAppender-Worker-ASYNCSTDOUT - 	at simplefx.util.ReflectionUtil.callNew(ReflectionUtil.scala:103) - AsyncAppender-Worker-ASYNCSTDOUT
2025-07-17 19:43:02,726 [INFO] in AsyncAppender-Worker-ASYNCSTDOUT - 	at com.jpro.internal.config.ApplicationStarter$.startApplication(ApplicationStarter.scala:109) - AsyncAppender-Worker-ASYNCSTDOUT
2025-07-17 19:43:02,726 [INFO] in AsyncAppender-Worker-ASYNCSTDOUT - 	at com.jpro.internal.config.ApplicationStarter$.requestApplication(ApplicationStarter.scala:95) - AsyncAppender-Worker-ASYNCSTDOUT
2025-07-17 19:43:02,726 [INFO] in AsyncAppender-Worker-ASYNCSTDOUT - 	at com.jpro.internal.config.ApplicationStarter$.getApplication(ApplicationStarter.scala:61) - AsyncAppender-Worker-ASYNCSTDOUT
2025-07-17 19:43:02,726 [INFO] in AsyncAppender-Worker-ASYNCSTDOUT - 	at com.jpro.internal.communicator.ViewImpl.<init>(ViewImpl.scala:43) - AsyncAppender-Worker-ASYNCSTDOUT
2025-07-17 19:43:02,726 [INFO] in AsyncAppender-Worker-ASYNCSTDOUT - 	at com.jpro.internal.server.ViewByActor.<init>(ViewSerializerActor.scala:178) - AsyncAppender-Worker-ASYNCSTDOUT
2025-07-17 19:43:04,739 [INFO] in AsyncAppender-Worker-ASYNCSTDOUT - [[34mINFO [0;39m] c.jpro - application requested: default params: Map() - AsyncAppender-Worker-ASYNCSTDOUT
2025-07-17 19:43:04,739 [INFO] in AsyncAppender-Worker-ASYNCSTDOUT - [[34mINFO [0;39m] c.jpro - Creating Application: default - AsyncAppender-Worker-ASYNCSTDOUT
2025-07-17 19:43:04,739 [INFO] in AsyncAppender-Worker-ASYNCSTDOUT - [[34mINFO [0;39m] c.jpro - remoteAddress 0:0:0:0:0:0:0:1 - AsyncAppender-Worker-ASYNCSTDOUT
2025-07-17 19:43:04,739 [INFO] in AsyncAppender-Worker-ASYNCSTDOUT - [[34mINFO [0;39m] c.jpro - host          localhost:8080 - AsyncAppender-Worker-ASYNCSTDOUT
2025-07-17 19:43:04,739 [INFO] in AsyncAppender-Worker-ASYNCSTDOUT - [[34mINFO [0;39m] c.jpro - uri           /app/ws/default - AsyncAppender-Worker-ASYNCSTDOUT
2025-07-17 19:43:04,748 [INFO] in AsyncAppender-Worker-ASYNCSTDOUT - [[1;31mERROR[0;39m] c.j.i.s.ViewSerializerActor - JavaFXStreamer - got Exception:  - AsyncAppender-Worker-ASYNCSTDOUT
2025-07-17 19:43:04,748 [INFO] in AsyncAppender-Worker-ASYNCSTDOUT - java.lang.ClassNotFoundException: com.example.JavaFXApp - AsyncAppender-Worker-ASYNCSTDOUT
2025-07-17 19:43:04,748 [INFO] in AsyncAppender-Worker-ASYNCSTDOUT - 	at java.base/jdk.internal.loader.BuiltinClassLoader.loadClass(BuiltinClassLoader.java:641) - AsyncAppender-Worker-ASYNCSTDOUT
2025-07-17 19:43:04,748 [INFO] in AsyncAppender-Worker-ASYNCSTDOUT - 	at java.base/jdk.internal.loader.ClassLoaders$AppClassLoader.loadClass(ClassLoaders.java:188) - AsyncAppender-Worker-ASYNCSTDOUT
2025-07-17 19:43:04,748 [INFO] in AsyncAppender-Worker-ASYNCSTDOUT - 	at java.base/java.lang.ClassLoader.loadClass(ClassLoader.java:525) - AsyncAppender-Worker-ASYNCSTDOUT
2025-07-17 19:43:04,748 [INFO] in AsyncAppender-Worker-ASYNCSTDOUT - 	at simplefx.util.ReflectionUtil.loadClass(ReflectionUtil.scala:38) - AsyncAppender-Worker-ASYNCSTDOUT
2025-07-17 19:43:04,748 [INFO] in AsyncAppender-Worker-ASYNCSTDOUT - 	at simplefx.util.ReflectionUtil.callNew(ReflectionUtil.scala:103) - AsyncAppender-Worker-ASYNCSTDOUT
2025-07-17 19:43:04,748 [INFO] in AsyncAppender-Worker-ASYNCSTDOUT - 	at com.jpro.internal.config.ApplicationStarter$.startApplication(ApplicationStarter.scala:109) - AsyncAppender-Worker-ASYNCSTDOUT
2025-07-17 19:43:04,748 [INFO] in AsyncAppender-Worker-ASYNCSTDOUT - 	at com.jpro.internal.config.ApplicationStarter$.requestApplication(ApplicationStarter.scala:95) - AsyncAppender-Worker-ASYNCSTDOUT
2025-07-17 19:43:04,748 [INFO] in AsyncAppender-Worker-ASYNCSTDOUT - 	at com.jpro.internal.config.ApplicationStarter$.getApplication(ApplicationStarter.scala:61) - AsyncAppender-Worker-ASYNCSTDOUT
2025-07-17 19:43:04,748 [INFO] in AsyncAppender-Worker-ASYNCSTDOUT - 	at com.jpro.internal.communicator.ViewImpl.<init>(ViewImpl.scala:43) - AsyncAppender-Worker-ASYNCSTDOUT
2025-07-17 19:43:04,748 [INFO] in AsyncAppender-Worker-ASYNCSTDOUT - 	at com.jpro.internal.server.ViewByActor.<init>(ViewSerializerActor.scala:178) - AsyncAppender-Worker-ASYNCSTDOUT
2025-07-17 19:45:21,185 [INFO] in AsyncAppender-Worker-ASYNCSTDOUT - [[34mINFO [0;39m] c.jpro.activity - Starting the server - AsyncAppender-Worker-ASYNCSTDOUT
2025-07-17 19:45:21,186 [INFO] in AsyncAppender-Worker-ASYNCSTDOUT - [[34mINFO [0;39m] c.j.i.s.JProInitializer$ -  *** Starting JPro: https://www.jpro.one/ *** - AsyncAppender-Worker-ASYNCSTDOUT
2025-07-17 19:45:21,186 [INFO] in AsyncAppender-Worker-ASYNCSTDOUT - [[34mINFO [0;39m] c.j.i.s.JProInitializer$ - OS: Windows 11 - AsyncAppender-Worker-ASYNCSTDOUT
2025-07-17 19:45:21,194 [INFO] in AsyncAppender-Worker-ASYNCSTDOUT - [[34mINFO [0;39m] c.j.i.s.JProInitializer$ - JPro: 2025.2.1 - AsyncAppender-Worker-ASYNCSTDOUT
2025-07-17 19:45:21,194 [INFO] in AsyncAppender-Worker-ASYNCSTDOUT - [[34mINFO [0;39m] c.j.i.s.JProInitializer$ - Java version: 22.0.2 - AsyncAppender-Worker-ASYNCSTDOUT
2025-07-17 19:45:21,194 [INFO] in AsyncAppender-Worker-ASYNCSTDOUT - [[34mINFO [0;39m] c.j.i.s.JProInitializer$ - JVM: 22.0.2 Oracle Corporation - AsyncAppender-Worker-ASYNCSTDOUT
2025-07-17 19:45:21,194 [INFO] in AsyncAppender-Worker-ASYNCSTDOUT - [[34mINFO [0;39m] c.j.i.s.JProInitializer$ - JavaFX jar: file:/C:/Users/jhona/.gradle/caches/modules-2/files-2.1/org.openjfx/javafx-graphics/24.0.2-jpro+4/8a1acf52bfc4afff588e53af2bc659dbb49caeee/javafx-graphics-24.0.2-jpro+4-win.jar - AsyncAppender-Worker-ASYNCSTDOUT
2025-07-17 19:45:21,224 [INFO] in AsyncAppender-Worker-ASYNCSTDOUT - [[34mINFO [0;39m] c.j.i.s.JProInitializer$ - Configuring logging from url: 'jar:file:/C:/Users/jhona/.gradle/caches/modules-2/files-2.1/one.jpro/jpro-server_2.12/2025.2.1/a09f90c50ccdb731b99b92eefa4aee152b109399/jpro-server_2.12-2025.2.1.jar!/logback-jpro-default.xml' - AsyncAppender-Worker-ASYNCSTDOUT
2025-07-17 19:45:22,605 [INFO] in AsyncAppender-Worker-ASYNCSTDOUT - [[34mINFO [0;39m] c.j.i.s.JProInitializer$ - JavaFX version: 24.0.2-jpro+4 - AsyncAppender-Worker-ASYNCSTDOUT
2025-07-17 19:45:22,648 [INFO] in JavaFX Application Thread - G1 Young Generation - JavaFX Application Thread
2025-07-17 19:45:22,648 [INFO] in JavaFX Application Thread - G1 Concurrent GC - JavaFX Application Thread
2025-07-17 19:45:22,648 [INFO] in JavaFX Application Thread - G1 Old Generation - JavaFX Application Thread
2025-07-17 19:45:22,684 [INFO] in AsyncAppender-Worker-ASYNCSTDOUT - [[34mINFO [0;39m] c.j.i.s.JProInitializer$ - finished init! - AsyncAppender-Worker-ASYNCSTDOUT
2025-07-17 19:45:22,688 [INFO] in AsyncAppender-Worker-ASYNCSTDOUT - [[34mINFO [0;39m] c.j.i.s.JProInitializer$ - [JPro] -> Server started: {start_time: 1752799521152, os_name: Windows 11, jpro_version: 2025.2.1, pid: 20408} - AsyncAppender-Worker-ASYNCSTDOUT
2025-07-17 19:45:23,048 [INFO] in AsyncAppender-Worker-ASYNCSTDOUT - [[34mINFO [0;39m] a.e.s.Slf4jLogger - Slf4jLogger started - AsyncAppender-Worker-ASYNCSTDOUT
2025-07-17 19:45:23,870 [INFO] in AsyncAppender-Worker-ASYNCSTDOUT - [[34mINFO [0;39m] play.api.Play - Application started (Prod) (no global state) - AsyncAppender-Worker-ASYNCSTDOUT
2025-07-17 19:45:24,468 [INFO] in AsyncAppender-Worker-ASYNCSTDOUT - [[34mINFO [0;39m] p.c.s.AkkaHttpServer - Enabling HTTP/2 on Akka HTTP server... - AsyncAppender-Worker-ASYNCSTDOUT
2025-07-17 19:45:24,468 [INFO] in AsyncAppender-Worker-ASYNCSTDOUT - [[34mINFO [0;39m] p.c.s.AkkaHttpServer - Listening for HTTP on /[0:0:0:0:0:0:0:0]:8080 - AsyncAppender-Worker-ASYNCSTDOUT
2025-07-17 19:45:30,617 [INFO] in AsyncAppender-Worker-ASYNCSTDOUT - [[34mINFO [0;39m] c.jpro - application requested: default params: Map() - AsyncAppender-Worker-ASYNCSTDOUT
2025-07-17 19:45:30,620 [INFO] in AsyncAppender-Worker-ASYNCSTDOUT - [[34mINFO [0;39m] c.jpro - Creating Application: default - AsyncAppender-Worker-ASYNCSTDOUT
2025-07-17 19:45:30,625 [INFO] in AsyncAppender-Worker-ASYNCSTDOUT - [[34mINFO [0;39m] c.jpro - remoteAddress 0:0:0:0:0:0:0:1 - AsyncAppender-Worker-ASYNCSTDOUT
2025-07-17 19:45:30,625 [INFO] in AsyncAppender-Worker-ASYNCSTDOUT - [[34mINFO [0;39m] c.jpro - host          localhost:8080 - AsyncAppender-Worker-ASYNCSTDOUT
2025-07-17 19:45:30,625 [INFO] in AsyncAppender-Worker-ASYNCSTDOUT - [[34mINFO [0;39m] c.jpro - uri           /app/ws/default - AsyncAppender-Worker-ASYNCSTDOUT
2025-07-17 19:45:30,880 [INFO] in AsyncAppender-Worker-ASYNCSTDOUT - [[34mINFO [0;39m] c.j.i.s.ViewInfo$ - [JPro] -> View created: {app_name: default, host_name: localhost:8080, instance_id: 204356133, browser: Google Chrome 138.0.0.0, browser_url: http://localhost:8080/, client_ip: 0:0:0:0:0:0:0:1} - AsyncAppender-Worker-ASYNCSTDOUT
2025-07-17 19:45:31,171 [INFO] in AsyncAppender-Worker-ASYNCSTDOUT - [[34mINFO [0;39m] c.j.i.c.InstanceImpl - [JPro] -> Instance created: {app_name: default, host_name: localhost:8080, instance_id: 204356133, browser: Google Chrome 138.0.0.0, browser_url: http://localhost:8080/, client_ip: 0:0:0:0:0:0:0:1} - AsyncAppender-Worker-ASYNCSTDOUT
2025-07-17 19:45:43,759 [INFO] in AsyncAppender-Worker-ASYNCSTDOUT - [[34mINFO [0;39m] c.jpro - application requested: default params: Map() - AsyncAppender-Worker-ASYNCSTDOUT
2025-07-17 19:45:43,759 [INFO] in AsyncAppender-Worker-ASYNCSTDOUT - [[34mINFO [0;39m] c.jpro - Creating Application: default - AsyncAppender-Worker-ASYNCSTDOUT
2025-07-17 19:45:43,759 [INFO] in AsyncAppender-Worker-ASYNCSTDOUT - [[34mINFO [0;39m] c.jpro - remoteAddress 0:0:0:0:0:0:0:1 - AsyncAppender-Worker-ASYNCSTDOUT
2025-07-17 19:45:43,763 [INFO] in AsyncAppender-Worker-ASYNCSTDOUT - [[34mINFO [0;39m] c.jpro - host          localhost:8080 - AsyncAppender-Worker-ASYNCSTDOUT
2025-07-17 19:45:43,763 [INFO] in AsyncAppender-Worker-ASYNCSTDOUT - [[34mINFO [0;39m] c.jpro - uri           /app/ws/default - AsyncAppender-Worker-ASYNCSTDOUT
2025-07-17 19:45:43,794 [INFO] in AsyncAppender-Worker-ASYNCSTDOUT - [[34mINFO [0;39m] c.j.i.s.ViewInfo$ - [JPro] -> View created: {app_name: default, host_name: localhost:8080, instance_id: 1510948854, browser: Google Chrome 138.0.0.0, browser_url: http://localhost:8080/, client_ip: 0:0:0:0:0:0:0:1} - AsyncAppender-Worker-ASYNCSTDOUT
2025-07-17 19:45:43,814 [INFO] in AsyncAppender-Worker-ASYNCSTDOUT - [[34mINFO [0;39m] c.j.i.c.InstanceImpl - [JPro] -> Instance created: {app_name: default, host_name: localhost:8080, instance_id: 1510948854, browser: Google Chrome 138.0.0.0, browser_url: http://localhost:8080/, client_ip: 0:0:0:0:0:0:0:1} - AsyncAppender-Worker-ASYNCSTDOUT
2025-07-17 19:45:47,269 [INFO] in AsyncAppender-Worker-ASYNCSTDOUT - [[34mINFO [0;39m] c.j.i.s.ViewInfo$ - [JPro] -> View closed: {app_name: default, host_name: localhost:8080, instance_id: 204356133, browser: Google Chrome 138.0.0.0, browser_url: http://localhost:8080/, client_ip: 0:0:0:0:0:0:0:1, reason: tab-closed} - AsyncAppender-Worker-ASYNCSTDOUT
2025-07-17 19:45:47,269 [INFO] in AsyncAppender-Worker-ASYNCSTDOUT - [[34mINFO [0;39m] c.j.i.s.ViewInfo$ -  - AsyncAppender-Worker-ASYNCSTDOUT
2025-07-17 19:45:47,269 [INFO] in AsyncAppender-Worker-ASYNCSTDOUT - [[34mINFO [0;39m] c.j.i.s.ViewInfo$ - Application closed: - AsyncAppender-Worker-ASYNCSTDOUT
2025-07-17 19:45:47,286 [INFO] in AsyncAppender-Worker-ASYNCSTDOUT - [[34mINFO [0;39m] c.j.i.s.ViewInfo$ - startTime      : Thu Jul 17 19:45:47 PET 2025       - AsyncAppender-Worker-ASYNCSTDOUT
2025-07-17 19:45:47,286 [INFO] in AsyncAppender-Worker-ASYNCSTDOUT - [[34mINFO [0;39m] c.j.i.s.ViewInfo$ - averageLatency : 00:00:00.006  - AsyncAppender-Worker-ASYNCSTDOUT
2025-07-17 19:45:47,287 [INFO] in AsyncAppender-Worker-ASYNCSTDOUT - [[34mINFO [0;39m] c.j.i.s.ViewInfo$ - averageJitter  : 00:00:00.004   - AsyncAppender-Worker-ASYNCSTDOUT
2025-07-17 19:45:47,287 [INFO] in AsyncAppender-Worker-ASYNCSTDOUT - [[34mINFO [0;39m] c.j.i.s.ViewInfo$ - framerateServer: 00:00:00.000 - AsyncAppender-Worker-ASYNCSTDOUT
2025-07-17 19:45:47,289 [INFO] in AsyncAppender-Worker-ASYNCSTDOUT - [[34mINFO [0;39m] c.j.i.s.ViewInfo$ - framerateClient: 00:00:00.000 - AsyncAppender-Worker-ASYNCSTDOUT
2025-07-17 19:45:47,289 [INFO] in AsyncAppender-Worker-ASYNCSTDOUT - [[34mINFO [0;39m] c.j.i.s.ViewInfo$ - raw            : 75521 - AsyncAppender-Worker-ASYNCSTDOUT
2025-07-17 19:45:47,289 [INFO] in AsyncAppender-Worker-ASYNCSTDOUT - [[34mINFO [0;39m] c.j.i.s.ViewInfo$ - zipped         : 12125 - AsyncAppender-Worker-ASYNCSTDOUT
2025-07-17 19:45:47,289 [INFO] in AsyncAppender-Worker-ASYNCSTDOUT - [[34mINFO [0;39m] c.j.i.s.ViewInfo$ -  - AsyncAppender-Worker-ASYNCSTDOUT
2025-07-17 19:45:48,277 [INFO] in AsyncAppender-Worker-ASYNCSTDOUT - [[34mINFO [0;39m] c.j.i.c.InstanceImpl - [JPro] -> Instance closed: {app_name: default, host_name: localhost:8080, instance_id: 204356133, browser: Google Chrome 138.0.0.0, browser_url: http://localhost:8080/, client_ip: 0:0:0:0:0:0:0:1, reason: close-tab-closed} - AsyncAppender-Worker-ASYNCSTDOUT
2025-07-17 19:57:02,478 [INFO] in AsyncAppender-Worker-ASYNCSTDOUT - [[34mINFO [0;39m] c.jpro.activity - Starting the server - AsyncAppender-Worker-ASYNCSTDOUT
2025-07-17 19:57:02,479 [INFO] in AsyncAppender-Worker-ASYNCSTDOUT - [[34mINFO [0;39m] c.j.i.s.JProInitializer$ -  *** Starting JPro: https://www.jpro.one/ *** - AsyncAppender-Worker-ASYNCSTDOUT
2025-07-17 19:57:02,479 [INFO] in AsyncAppender-Worker-ASYNCSTDOUT - [[34mINFO [0;39m] c.j.i.s.JProInitializer$ - OS: Windows 11 - AsyncAppender-Worker-ASYNCSTDOUT
2025-07-17 19:57:02,496 [INFO] in AsyncAppender-Worker-ASYNCSTDOUT - [[34mINFO [0;39m] c.j.i.s.JProInitializer$ - JPro: 2025.2.1 - AsyncAppender-Worker-ASYNCSTDOUT
2025-07-17 19:57:02,497 [INFO] in AsyncAppender-Worker-ASYNCSTDOUT - [[34mINFO [0;39m] c.j.i.s.JProInitializer$ - Java version: 22.0.2 - AsyncAppender-Worker-ASYNCSTDOUT
2025-07-17 19:57:02,497 [INFO] in AsyncAppender-Worker-ASYNCSTDOUT - [[34mINFO [0;39m] c.j.i.s.JProInitializer$ - JVM: 22.0.2 Oracle Corporation - AsyncAppender-Worker-ASYNCSTDOUT
2025-07-17 19:57:02,499 [INFO] in AsyncAppender-Worker-ASYNCSTDOUT - [[34mINFO [0;39m] c.j.i.s.JProInitializer$ - JavaFX jar: file:/C:/Users/jhona/.gradle/caches/modules-2/files-2.1/org.openjfx/javafx-graphics/24.0.2-jpro+4/8a1acf52bfc4afff588e53af2bc659dbb49caeee/javafx-graphics-24.0.2-jpro+4-win.jar - AsyncAppender-Worker-ASYNCSTDOUT
2025-07-17 19:57:02,511 [INFO] in AsyncAppender-Worker-ASYNCSTDOUT - [[34mINFO [0;39m] c.j.i.s.JProInitializer$ - Configuring logging from url: 'jar:file:/C:/Users/jhona/.gradle/caches/modules-2/files-2.1/one.jpro/jpro-server_2.12/2025.2.1/a09f90c50ccdb731b99b92eefa4aee152b109399/jpro-server_2.12-2025.2.1.jar!/logback-jpro-default.xml' - AsyncAppender-Worker-ASYNCSTDOUT
2025-07-17 19:57:03,968 [INFO] in AsyncAppender-Worker-ASYNCSTDOUT - [[34mINFO [0;39m] c.j.i.s.JProInitializer$ - JavaFX version: 24.0.2-jpro+4 - AsyncAppender-Worker-ASYNCSTDOUT
2025-07-17 19:57:04,087 [INFO] in JavaFX Application Thread - G1 Young Generation - JavaFX Application Thread
2025-07-17 19:57:04,087 [INFO] in JavaFX Application Thread - G1 Concurrent GC - JavaFX Application Thread
2025-07-17 19:57:04,087 [INFO] in JavaFX Application Thread - G1 Old Generation - JavaFX Application Thread
2025-07-17 19:57:04,126 [INFO] in AsyncAppender-Worker-ASYNCSTDOUT - [[34mINFO [0;39m] c.j.i.s.JProInitializer$ - finished init! - AsyncAppender-Worker-ASYNCSTDOUT
2025-07-17 19:57:04,136 [INFO] in AsyncAppender-Worker-ASYNCSTDOUT - [[34mINFO [0;39m] c.j.i.s.JProInitializer$ - [JPro] -> Server started: {start_time: 1752800222441, os_name: Windows 11, jpro_version: 2025.2.1, pid: 14544} - AsyncAppender-Worker-ASYNCSTDOUT
2025-07-17 19:57:04,883 [INFO] in AsyncAppender-Worker-ASYNCSTDOUT - [[34mINFO [0;39m] a.e.s.Slf4jLogger - Slf4jLogger started - AsyncAppender-Worker-ASYNCSTDOUT
2025-07-17 19:57:06,244 [INFO] in AsyncAppender-Worker-ASYNCSTDOUT - [[34mINFO [0;39m] play.api.Play - Application started (Prod) (no global state) - AsyncAppender-Worker-ASYNCSTDOUT
2025-07-17 19:57:07,361 [INFO] in AsyncAppender-Worker-ASYNCSTDOUT - [[34mINFO [0;39m] p.c.s.AkkaHttpServer - Enabling HTTP/2 on Akka HTTP server... - AsyncAppender-Worker-ASYNCSTDOUT
2025-07-17 19:57:07,361 [INFO] in AsyncAppender-Worker-ASYNCSTDOUT - [[34mINFO [0;39m] p.c.s.AkkaHttpServer - Listening for HTTP on /[0:0:0:0:0:0:0:0]:8080 - AsyncAppender-Worker-ASYNCSTDOUT
2025-07-17 19:57:14,274 [INFO] in AsyncAppender-Worker-ASYNCSTDOUT - [[34mINFO [0;39m] c.jpro - application requested: default params: Map() - AsyncAppender-Worker-ASYNCSTDOUT
2025-07-17 19:57:14,280 [INFO] in AsyncAppender-Worker-ASYNCSTDOUT - [[34mINFO [0;39m] c.jpro - Creating Application: default - AsyncAppender-Worker-ASYNCSTDOUT
2025-07-17 19:57:14,283 [INFO] in AsyncAppender-Worker-ASYNCSTDOUT - [[34mINFO [0;39m] c.jpro - remoteAddress 0:0:0:0:0:0:0:1 - AsyncAppender-Worker-ASYNCSTDOUT
2025-07-17 19:57:14,283 [INFO] in AsyncAppender-Worker-ASYNCSTDOUT - [[34mINFO [0;39m] c.jpro - host          localhost:8080 - AsyncAppender-Worker-ASYNCSTDOUT
2025-07-17 19:57:14,283 [INFO] in AsyncAppender-Worker-ASYNCSTDOUT - [[34mINFO [0;39m] c.jpro - uri           /app/ws/default - AsyncAppender-Worker-ASYNCSTDOUT
2025-07-17 19:57:14,743 [INFO] in AsyncAppender-Worker-ASYNCSTDOUT - [[34mINFO [0;39m] c.j.i.s.ViewInfo$ - [JPro] -> View created: {app_name: default, host_name: localhost:8080, instance_id: 1455651380, browser: Google Chrome 138.0.0.0, browser_url: http://localhost:8080/, client_ip: 0:0:0:0:0:0:0:1} - AsyncAppender-Worker-ASYNCSTDOUT
2025-07-17 19:57:15,269 [INFO] in AsyncAppender-Worker-ASYNCSTDOUT - [[34mINFO [0;39m] c.j.i.c.InstanceImpl - [JPro] -> Instance created: {app_name: default, host_name: localhost:8080, instance_id: 1455651380, browser: Google Chrome 138.0.0.0, browser_url: http://localhost:8080/, client_ip: 0:0:0:0:0:0:0:1} - AsyncAppender-Worker-ASYNCSTDOUT
2025-07-17 19:57:18,006 [INFO] in AsyncAppender-Worker-ASYNCSTDOUT - [[34mINFO [0;39m] c.j.i.s.ViewInfo$ - [JPro] -> View closed: {app_name: default, host_name: localhost:8080, instance_id: 1455651380, browser: Google Chrome 138.0.0.0, browser_url: http://localhost:8080/, client_ip: 0:0:0:0:0:0:0:1, reason: tab-closed} - AsyncAppender-Worker-ASYNCSTDOUT
2025-07-17 19:57:18,008 [INFO] in AsyncAppender-Worker-ASYNCSTDOUT - [[34mINFO [0;39m] c.j.i.s.ViewInfo$ -  - AsyncAppender-Worker-ASYNCSTDOUT
2025-07-17 19:57:18,008 [INFO] in AsyncAppender-Worker-ASYNCSTDOUT - [[34mINFO [0;39m] c.j.i.s.ViewInfo$ - Application closed: - AsyncAppender-Worker-ASYNCSTDOUT
2025-07-17 19:57:18,025 [INFO] in AsyncAppender-Worker-ASYNCSTDOUT - [[34mINFO [0;39m] c.j.i.s.ViewInfo$ - startTime      : Thu Jul 17 19:57:17 PET 2025       - AsyncAppender-Worker-ASYNCSTDOUT
2025-07-17 19:57:18,025 [INFO] in AsyncAppender-Worker-ASYNCSTDOUT - [[34mINFO [0;39m] c.j.i.s.ViewInfo$ - averageLatency : 00:00:00.003  - AsyncAppender-Worker-ASYNCSTDOUT
2025-07-17 19:57:18,025 [INFO] in AsyncAppender-Worker-ASYNCSTDOUT - [[34mINFO [0;39m] c.j.i.s.ViewInfo$ - averageJitter  : 00:00:00.006   - AsyncAppender-Worker-ASYNCSTDOUT
2025-07-17 19:57:18,027 [INFO] in AsyncAppender-Worker-ASYNCSTDOUT - [[34mINFO [0;39m] c.j.i.s.ViewInfo$ - framerateServer: 00:00:00.000 - AsyncAppender-Worker-ASYNCSTDOUT
2025-07-17 19:57:18,027 [INFO] in AsyncAppender-Worker-ASYNCSTDOUT - [[34mINFO [0;39m] c.j.i.s.ViewInfo$ - framerateClient: 00:00:00.000 - AsyncAppender-Worker-ASYNCSTDOUT
2025-07-17 19:57:18,027 [INFO] in AsyncAppender-Worker-ASYNCSTDOUT - [[34mINFO [0;39m] c.j.i.s.ViewInfo$ - raw            : 14214 - AsyncAppender-Worker-ASYNCSTDOUT
2025-07-17 19:57:18,028 [INFO] in AsyncAppender-Worker-ASYNCSTDOUT - [[34mINFO [0;39m] c.j.i.s.ViewInfo$ - zipped         : 2275 - AsyncAppender-Worker-ASYNCSTDOUT
2025-07-17 19:57:18,028 [INFO] in AsyncAppender-Worker-ASYNCSTDOUT - [[34mINFO [0;39m] c.j.i.s.ViewInfo$ -  - AsyncAppender-Worker-ASYNCSTDOUT
2025-07-17 19:57:19,016 [INFO] in AsyncAppender-Worker-ASYNCSTDOUT - [[34mINFO [0;39m] c.j.i.c.InstanceImpl - [JPro] -> Instance closed: {app_name: default, host_name: localhost:8080, instance_id: 1455651380, browser: Google Chrome 138.0.0.0, browser_url: http://localhost:8080/, client_ip: 0:0:0:0:0:0:0:1, reason: close-tab-closed} - AsyncAppender-Worker-ASYNCSTDOUT
